2012-05-02 22:09:28,787 INFO Using config files '['./DistUpgrade.cfg']'
2012-05-02 22:09:28,788 INFO uname information: 'Linux zhuqingyang-Rev-1-0 2.6.38-13-generic-pae #56-Ubuntu SMP Tue Feb 14 14:32:30 UTC 2012 i686'
2012-05-02 22:09:28,788 INFO release-upgrader version '0.152.25.4' started
2012-05-02 22:09:28,896 DEBUG WARNING: can not get name for '<gtk.TreeSelection object at 0x9a0f8ec (GtkTreeSelection at 0x9c26880)>'
2012-05-02 22:09:28,897 DEBUG WARNING: can not get name for '<gtk.TreeSelection object at 0x9a0f914 (GtkTreeSelection at 0x9cf3520)>'
2012-05-02 22:09:29,031 DEBUG svg pixbuf loader failed (Error displaying image)
2012-05-02 22:09:30,051 DEBUG Using 'DistUpgradeViewGtk' view
2012-05-02 22:09:30,086 DEBUG aufsOptionsAndEnvironmentSetup()
2012-05-02 22:09:30,088 DEBUG using '/tmp/upgrade-rw-fIQzH9' as aufs_rw_dir
2012-05-02 22:09:30,088 DEBUG using '/tmp/upgrade-chroot-FqTq22' as aufs chroot dir
2012-05-02 22:09:30,089 DEBUG enable dpkg --force-overwrite
2012-05-02 22:09:30,115 DEBUG creating statefile: '/var/log/dist-upgrade/apt-clone_system_state.tar.gz'
2012-05-02 22:09:31,569 DEBUG lsb-release: 'natty'
2012-05-02 22:09:31,571 DEBUG _pythonSymlinkCheck run
2012-05-02 22:09:31,582 DEBUG openCache()
2012-05-02 22:09:31,583 DEBUG Plugin modules in ./plugins: deb_plugin.py kdelibs4to5_plugin.py dpkg_status_plugin.py remove_lilo_plugin.py langpack_manual_plugin.py
2012-05-02 22:09:31,583 DEBUG Loading module ./plugins/deb_plugin.py
2012-05-02 22:09:31,585 DEBUG Plugins in <module 'deb_plugin' from './plugins/deb_plugin.py'>: <class 'deb_plugin.DebPlugin'>
2012-05-02 22:09:31,585 DEBUG Loading module ./plugins/kdelibs4to5_plugin.py
2012-05-02 22:09:31,587 DEBUG Plugins in <module 'kdelibs4to5_plugin' from './plugins/kdelibs4to5_plugin.py'>: <class 'kdelibs4to5_plugin.Kdelibs4devToKdelibs5devPlugin'>
2012-05-02 22:09:31,587 DEBUG Loading module ./plugins/dpkg_status_plugin.py
2012-05-02 22:09:31,590 DEBUG Plugins in <module 'dpkg_status_plugin' from './plugins/dpkg_status_plugin.py'>: <class 'dpkg_status_plugin.DpkgStatusPlugin'>
2012-05-02 22:09:31,590 DEBUG Loading module ./plugins/remove_lilo_plugin.py
2012-05-02 22:09:31,590 DEBUG Plugins in <module 'remove_lilo_plugin' from './plugins/remove_lilo_plugin.py'>: <class 'remove_lilo_plugin.RemoveLiloPlugin'>
2012-05-02 22:09:31,590 DEBUG Loading module ./plugins/langpack_manual_plugin.py
2012-05-02 22:09:31,591 DEBUG Plugins in <module 'langpack_manual_plugin' from './plugins/langpack_manual_plugin.py'>: <class 'langpack_manual_plugin.MarkLangpacksManuallyInstalledPlugin'>
2012-05-02 22:09:31,591 DEBUG plugins for condition 'PreCacheOpen' are '[]'
2012-05-02 22:09:31,591 DEBUG plugins for condition 'oneiricPreCacheOpen' are '[]'
2012-05-02 22:09:31,591 DEBUG plugins for condition 'from_nattyPreCacheOpen' are '[]'
2012-05-02 22:09:31,591 DEBUG quirks: running PreCacheOpen
2012-05-02 22:09:31,591 DEBUG running Quirks.PreCacheOpen
2012-05-02 22:09:31,591 DEBUG quirks: running oneiricPreCacheOpen
2012-05-02 22:09:31,591 DEBUG running Quirks.oneiricPreCacheOpen
2012-05-02 22:09:31,803 DEBUG /openCache(), new cache size 33669
2012-05-02 22:09:31,804 DEBUG needServerMode(): run in 'desktop' mode, (because of pkg 'ubuntu-desktop')
2012-05-02 22:09:31,804 DEBUG checkViewDepends()
2012-05-02 22:09:31,805 DEBUG running doUpdate() (showErrors=False)
2012-05-02 22:12:07,797 DEBUG openCache()
2012-05-02 22:12:09,727 DEBUG /openCache(), new cache size 33688
2012-05-02 22:12:09,727 DEBUG doPostInitialUpdate
2012-05-02 22:12:09,728 DEBUG plugins for condition 'PostInitialUpdate' are '[]'
2012-05-02 22:12:09,728 DEBUG plugins for condition 'oneiricPostInitialUpdate' are '[]'
2012-05-02 22:12:09,728 DEBUG plugins for condition 'from_nattyPostInitialUpdate' are '[]'
2012-05-02 22:12:09,728 DEBUG quirks: running oneiricPostInitialUpdate
2012-05-02 22:12:11,832 DEBUG Foreign: google-chrome-stable
2012-05-02 22:12:11,832 DEBUG Obsolete: 
2012-05-02 22:12:11,832 DEBUG updateSourcesList()
2012-05-02 22:12:11,879 DEBUG rewriteSourcesList()
2012-05-02 22:12:11,881 DEBUG examining: 'deb http://cn.archive.ubuntu.com/ubuntu/ natty main restricted'
2012-05-02 22:12:11,881 DEBUG entry 'deb http://cn.archive.ubuntu.com/ubuntu/ oneiric main restricted' updated to new dist
2012-05-02 22:12:11,881 DEBUG examining: 'deb-src http://cn.archive.ubuntu.com/ubuntu/ natty main restricted'
2012-05-02 22:12:11,882 DEBUG entry 'deb-src http://cn.archive.ubuntu.com/ubuntu/ oneiric main restricted' updated to new dist
2012-05-02 22:12:11,882 DEBUG examining: 'deb http://cn.archive.ubuntu.com/ubuntu/ natty-updates main restricted'
2012-05-02 22:12:11,882 DEBUG entry 'deb http://cn.archive.ubuntu.com/ubuntu/ oneiric-updates main restricted' updated to new dist
2012-05-02 22:12:11,882 DEBUG examining: 'deb-src http://cn.archive.ubuntu.com/ubuntu/ natty-updates main restricted'
2012-05-02 22:12:11,882 DEBUG entry 'deb-src http://cn.archive.ubuntu.com/ubuntu/ oneiric-updates main restricted' updated to new dist
2012-05-02 22:12:11,882 DEBUG examining: 'deb http://cn.archive.ubuntu.com/ubuntu/ natty universe'
2012-05-02 22:12:11,882 DEBUG entry 'deb http://cn.archive.ubuntu.com/ubuntu/ oneiric universe' updated to new dist
2012-05-02 22:12:11,882 DEBUG examining: 'deb-src http://cn.archive.ubuntu.com/ubuntu/ natty universe'
2012-05-02 22:12:11,882 DEBUG entry 'deb-src http://cn.archive.ubuntu.com/ubuntu/ oneiric universe' updated to new dist
2012-05-02 22:12:11,882 DEBUG examining: 'deb http://cn.archive.ubuntu.com/ubuntu/ natty-updates universe'
2012-05-02 22:12:11,882 DEBUG entry 'deb http://cn.archive.ubuntu.com/ubuntu/ oneiric-updates universe' updated to new dist
2012-05-02 22:12:11,882 DEBUG examining: 'deb-src http://cn.archive.ubuntu.com/ubuntu/ natty-updates universe'
2012-05-02 22:12:11,882 DEBUG entry 'deb-src http://cn.archive.ubuntu.com/ubuntu/ oneiric-updates universe' updated to new dist
2012-05-02 22:12:11,882 DEBUG examining: 'deb http://cn.archive.ubuntu.com/ubuntu/ natty multiverse'
2012-05-02 22:12:11,882 DEBUG entry 'deb http://cn.archive.ubuntu.com/ubuntu/ oneiric multiverse' updated to new dist
2012-05-02 22:12:11,882 DEBUG examining: 'deb-src http://cn.archive.ubuntu.com/ubuntu/ natty multiverse'
2012-05-02 22:12:11,882 DEBUG entry 'deb-src http://cn.archive.ubuntu.com/ubuntu/ oneiric multiverse' updated to new dist
2012-05-02 22:12:11,883 DEBUG examining: 'deb http://cn.archive.ubuntu.com/ubuntu/ natty-updates multiverse'
2012-05-02 22:12:11,883 DEBUG entry 'deb http://cn.archive.ubuntu.com/ubuntu/ oneiric-updates multiverse' updated to new dist
2012-05-02 22:12:11,883 DEBUG examining: 'deb-src http://cn.archive.ubuntu.com/ubuntu/ natty-updates multiverse'
2012-05-02 22:12:11,883 DEBUG entry 'deb-src http://cn.archive.ubuntu.com/ubuntu/ oneiric-updates multiverse' updated to new dist
2012-05-02 22:12:11,883 DEBUG examining: 'deb http://security.ubuntu.com/ubuntu natty-security main restricted'
2012-05-02 22:12:11,883 DEBUG entry 'deb http://security.ubuntu.com/ubuntu oneiric-security main restricted' updated to new dist
2012-05-02 22:12:11,883 DEBUG examining: 'deb-src http://security.ubuntu.com/ubuntu natty-security main restricted'
2012-05-02 22:12:11,883 DEBUG entry 'deb-src http://security.ubuntu.com/ubuntu oneiric-security main restricted' updated to new dist
2012-05-02 22:12:11,883 DEBUG examining: 'deb http://security.ubuntu.com/ubuntu natty-security universe'
2012-05-02 22:12:11,883 DEBUG entry 'deb http://security.ubuntu.com/ubuntu oneiric-security universe' updated to new dist
2012-05-02 22:12:11,883 DEBUG examining: 'deb-src http://security.ubuntu.com/ubuntu natty-security universe'
2012-05-02 22:12:11,883 DEBUG entry 'deb-src http://security.ubuntu.com/ubuntu oneiric-security universe' updated to new dist
2012-05-02 22:12:11,883 DEBUG examining: 'deb http://security.ubuntu.com/ubuntu natty-security multiverse'
2012-05-02 22:12:11,883 DEBUG entry 'deb http://security.ubuntu.com/ubuntu oneiric-security multiverse' updated to new dist
2012-05-02 22:12:11,883 DEBUG examining: 'deb-src http://security.ubuntu.com/ubuntu natty-security multiverse'
2012-05-02 22:12:11,883 DEBUG entry 'deb-src http://security.ubuntu.com/ubuntu oneiric-security multiverse' updated to new dist
2012-05-02 22:12:11,883 DEBUG examining: 'deb http://extras.ubuntu.com/ubuntu natty main'
2012-05-02 22:12:11,884 DEBUG entry 'deb http://extras.ubuntu.com/ubuntu oneiric main' updated to new dist
2012-05-02 22:12:11,884 DEBUG examining: 'deb-src http://extras.ubuntu.com/ubuntu natty main'
2012-05-02 22:12:11,884 DEBUG entry 'deb-src http://extras.ubuntu.com/ubuntu oneiric main' updated to new dist
2012-05-02 22:12:11,884 DEBUG examining: 'deb http://dl.google.com/linux/chrome/deb/ stable main'
2012-05-02 22:12:11,886 DEBUG entry '# deb http://dl.google.com/linux/chrome/deb/ stable main # 已禁止升级到 oneiric' was disabled (unknown mirror)
2012-05-02 22:12:27,499 DEBUG running doUpdate() (showErrors=True)
2012-05-02 22:14:16,708 DEBUG openCache()
2012-05-02 22:14:16,708 DEBUG failed to SystemUnLock() (E:未锁定) 
2012-05-02 22:14:19,797 DEBUG /openCache(), new cache size 36089
2012-05-02 22:14:19,797 DEBUG needServerMode(): run in 'desktop' mode, (because of pkg 'ubuntu-desktop')
2012-05-02 22:14:21,393 DEBUG Running KeepInstalledSection rules
2012-05-02 22:14:22,003 DEBUG Kernel uname: '2.6.38-13-generic-pae' 
2012-05-02 22:14:22,003 WARNING Can't parse kernel uname: 'too many values to unpack' (self compiled?)
2012-05-02 22:14:22,003 DEBUG nvidiaUpdate()
2012-05-02 22:14:22,005 ERROR NvidiaDetection returned a error: __init__() got an unexpected keyword argument 'datadir'
2012-05-02 22:14:22,005 DEBUG Upgrading 'brasero' (Distro PostUpgradeUpgrade rule)
2012-05-02 22:14:22,006 DEBUG Upgrading 'edubuntu-desktop' (Distro PostUpgradeUpgrade rule)
2012-05-02 22:14:22,006 DEBUG Removing 'libflashsupport' (Distro PostUpgradeRemove rule)
2012-05-02 22:14:22,006 DEBUG Removing 'kvm-source' (Distro PostUpgradeRemove rule)
2012-05-02 22:14:22,006 DEBUG Removing 'gtk-qt-engine' (Distro PostUpgradeRemove rule)
2012-05-02 22:14:22,006 DEBUG Removing 'libparted1.8-12' (Distro PostUpgradeRemove rule)
2012-05-02 22:14:22,006 DEBUG Removing 'usplash' (Distro PostUpgradeRemove rule)
2012-05-02 22:14:22,006 DEBUG Removing 'printconf' (Distro PostUpgradeRemove rule)
2012-05-02 22:14:22,006 DEBUG Removing 'foomatic-db-gutenprint' (Distro PostUpgradeRemove rule)
2012-05-02 22:14:22,006 DEBUG Removing 'ebox-printers' (Distro PostUpgradeRemove rule)
2012-05-02 22:14:22,006 DEBUG Removing 'kbluetooth' (Distro PostUpgradeRemove rule)
2012-05-02 22:14:22,006 DEBUG Removing 'kde-plasmoid-cwp' (Distro PostUpgradeRemove rule)
2012-05-02 22:14:22,006 DEBUG Removing 'xscreensaver' (ubuntu-desktop PostUpgradeRemove rule)
2012-05-02 22:14:22,006 DEBUG Removing 'gnome-cups-manager' (ubuntu-desktop PostUpgradeRemove rule)
2012-05-02 22:14:22,006 DEBUG Removing 'powermanagement-interface' (ubuntu-desktop PostUpgradeRemove rule)
2012-05-02 22:14:22,006 DEBUG Removing 'deskbar-applet' (ubuntu-desktop PostUpgradeRemove rule)
2012-05-02 22:14:22,006 DEBUG Removing 'nautilus-cd-burner' (ubuntu-desktop PostUpgradeRemove rule)
2012-05-02 22:14:22,007 DEBUG Purging 'ltsp-client' (Distro PostUpgradePurge rule)
2012-05-02 22:14:22,007 DEBUG Purging 'ltspfsd' (Distro PostUpgradePurge rule)
2012-05-02 22:14:22,007 DEBUG Purging 'linux-restricted-modules-common' (Distro PostUpgradePurge rule)
2012-05-02 22:14:22,007 DEBUG plugins for condition 'PostDistUpgradeCache' are '[]'
2012-05-02 22:14:22,007 DEBUG plugins for condition 'oneiricPostDistUpgradeCache' are '[]'
2012-05-02 22:14:22,007 DEBUG plugins for condition 'from_nattyPostDistUpgradeCache' are '[]'
2012-05-02 22:14:22,007 DEBUG Marking 'ubuntu-desktop' for upgrade
2012-05-02 22:14:22,292 DEBUG About to apply the following changes
2012-05-02 22:14:22,617 DEBUG Keep at same version: acpi-support adduser adium-theme-ubuntu anacron aspell bc branding-ubuntu bubbros build-essential cmap-adobe-japan1 coreutils cpio dc defoma diffstat diffutils dmidecode dmz-cursor-theme docbook-xml e2fslibs e2fsprogs ed exiv2 findutils genisoimage gettext gettext-base ginn gir1.2-vte-0.0 gksu gnome-about gnome-desktop-data gnome-mag gnome-media-common gnome-mime-data gnome-panel-bonobo gnome-themes-selected gnome-themes-ubuntu gnupg google-chrome-stable gpgv gs-cjk-resource gsfonts gstreamer0.10-nice gtk2-engines gtk2-engines-murrine hicolor-icon-theme hyphen-en-us intel-gpu-tools intltool-debian iptables irqbalance language-support-en language-support-fonts-zh-hans language-support-input-zh-hans language-support-writing-en language-support-zh-hans laptop-detect libaa1 libalgorithm-diff-perl libalgorithm-merge-perl libart-2.0-2 libaspell15 libatasmart4 libatm1 libavc1394-0 libavcodec52 libavformat52 libavutil50 libbonobo2-0 libbonobo2-common libbonoboui2-0 libbonoboui2-common libboost-serialization1.42.0 libcamel1.2-19 libcdio-cdda0 libcdio-paranoia0 libcdio10 libcdparanoia0 libclass-accessor-perl libcomerr2 libcroco3 libcrypt-passwdmd5-perl libcryptui0 libdaemon0 libdbusmenu-glib3 libdbusmenu-gtk3 libdotconf1.0 libebackend1.2-0 libebook1.2-10 libecal1.2-8 libedata-book1.2-8 libedata-cal1.2-10 libedataserver1.2-14 libedataserverui1.2-11 libegroupwise1.2-13 libemail-valid-perl libexempi3 libexiv2-10 libexpat1 libffi5 libfile-basedir-perl libfile-copy-recursive-perl libfile-desktopentry-perl libfile-mimeinfo-perl libfolks-telepathy22 libfolks22 libfont-afm-perl libfontenc1 libfreezethaw-perl libfribidi0 libfs6 libgcr0 libgdata11 libglade2-0 libgnome-desktop-2-17 libgnome-mag2 libgnome-media0 libgnome-window-settings1 libgnome2-0 libgnome2-common libgnomekbd4 libgoocanvas-common libgoocanvas3 libgp11-0 libgraphite3 libgsm1 libgtkhtml-editor-common libgtkhtml-editor0 libgtkhtml3.14-19 libgtksourceview2.0-0 libgtksourceview2.0-common libgweather1 libgwibber1 libhtml-tagset-perl libhunspell-1.2-0 libhyphen0 libibus2 libical0 libiec61883-0 libijs-0.35 libindicate-gtk2 libindicator3 libio-string-perl libjbig2dec0 liblockfile1 liblzma2 libmldbm-perl libmythes-1.2-0 libnfnetlink0 libnice10 libnm-glib2 libnm-util1 libnotify1 libnss-mdns libntfs-3g79 libntfs10 libnux-0.9-0 libnux-0.9-common liboobs-1-5 libopenobex1 liboverlay-scrollbar-0.1-0 libpanel-applet-3-0 libpcre3 libpopt0 libportmidi0 libpostproc51 libppl-c2 libppl7 libprotobuf6 libprotoc6 libpth20 librarian0 librasqal2 libsdl-ttf2.0-0 libsilc-1.1-2 libsilcclient-1.1-3 libslp1 libsmpeg0 libspectre1 libss2 libstlport4.6ldbl libswscale0 libsysfs2 libtext-wrapi18n-perl libtextcat-data libtextcat0 libtheora0 libtie-ixhash-perl libtimedate-perl libunity-misc0 libunity4 libutouch-evemu1 libvisual-0.4-0 libvpx0 libwavpack1 libxaw7 libxcb-atom1 libxcb-aux0 libxcb-event1 libxkbfile1 libxml-xpath-perl libxpm4 libxres1 libxvmc1 libxxf86dga1 linux-headers-2.6.38-13 linux-headers-2.6.38-13-generic-pae linux-headers-2.6.38-8 linux-image-2.6.38-13-generic-pae lp-solve lshw lsof ltrace lzma makedev manpages manpages-dev mime-support min12xxw mscompress mtools nano net-tools notify-osd-icons obex-data-server openoffice.org-hyphenation pcmciautils pnm2ppa powermgmt-base ppp pppconfig pptp-linux python-defer python-pygoocanvas python-pyorbit python-rdflib radeontool rarian-compat rfkill screensaver-default-images sensible-utils sgml-base ssl-cert system-tools-backends tar tcl8.4 telnet time ttf-arphic-ukai ttf-arphic-uming ttf-indic-fonts-core ttf-kacst-one ttf-khmeros-core ttf-lao ttf-punjabi-fonts ttf-takao-pgothic ttf-unfonts-core ttf-wqy-microhei ubuntu-extras-keyring ubuntu-keyring ubuntu-sounds unzip ureadahead vbetool wamerican wbritish wodim x11-apps x11-session-utils xbitmaps xcursor-themes xfonts-base xfonts-encodings xfonts-mathml xfonts-scalable xfonts-wqy xinput xml-core xserver-xorg-video-cirrus xserver-xorg-video-fbdev xserver-xorg-video-mga xserver-xorg-video-rendition xserver-xorg-video-savage xz-utils zlib1g
2012-05-02 22:14:22,618 DEBUG Upgradable, but held- back: 
2012-05-02 22:14:22,618 DEBUG Remove: capplets-data console-terminus gir1.2-panelapplet-3.0 gnome-applets gnome-panel indicator-applet indicator-applet-appmenu indicator-applet-complete indicator-applet-session indicator-me libbrasero-media1 libevdocument3 libevview3 libgail-gnome-module libgvfscommon0 libmtp8 libpanel-applet2-0 libperl5.10 libpulse-browse0 ntfsprogs python-gnomecanvas python-pyatspi tsclient
2012-05-02 22:14:22,618 DEBUG Install: accountsservice acl apg appmenu-gtk3 appmenu-qt at-spi2-core c2esp colord compiz-plugins-default compiz-plugins-main-default cpp-4.6 dconf-gsettings-backend deja-dup duplicity g++-4.6 gcc-4.6 gcc-4.6-base gir1.2-appindicator3-0.1 gir1.2-atspi-2.0 gir1.2-dbusmenu-glib-0.4 gir1.2-dbusmenu-gtk-0.4 gir1.2-dee-0.5 gir1.2-gmenu-3.0 gir1.2-gnomebluetooth-1.0 gir1.2-gtk-3.0 gir1.2-gtksource-3.0 gir1.2-indicate-0.6 gir1.2-launchpad-integration-3.0 gir1.2-panelapplet-4.0 gir1.2-peas-1.0 gir1.2-totem-1.0 gir1.2-totem-plparser-1.0 gir1.2-unity-4.0 gir1.2-vte-2.90 gir1.2-webkit-3.0 gir1.2-wnck-3.0 gnome-control-center-data gnome-desktop3-data gnome-font-viewer gnome-icon-theme-symbolic gnome-online-accounts grub-pc-bin grub2-common gstreamer0.10-gconf gtk3-engines-unico gvfs-bin ibus-gtk3 icc-profiles-free indicator-power indicator-status-provider-mc5 libaccountsservice0 libappindicator3-1 libapt-inst1.3 libapt-pkg4.11 libasyncns0 libatk-adaptor libatspi2.0-0 libaudio2 libavahi-ui-gtk3-0 libavcodec53 libavformat53 libavutil51 libbamf3-0 libboost-serialization1.46.1 libbrasero-media3-1 libcamel-1.2-29 libcanberra-gtk3-0 libcanberra-gtk3-module libcap2-bin libclass-isa-perl libcolord1 libdb5.1 libdbus-glib1.0-cil libdbus1.0-cil libdbusmenu-glib4 libdbusmenu-gtk3-4 libdbusmenu-gtk4 libdbusmenu-qt2 libdconf-dbus-1-0 libdconf-qt0 libebackend-1.2-1 libebook1.2-12 libecal1.2-10 libedata-book-1.2-11 libedata-cal-1.2-13 libedataserver1.2-15 libedataserverui-3.0-1 libencode-locale-perl libevent-2.0-5 libevince3-3 libffi6 libfile-listing-perl libfolks-telepathy25 libfolks25 libgail-3-0 libgail-3-common libgck-1-0 libgcr-3-1 libgdata13 libgdiplus libgif4 libglapi-mesa libgmp10 libgnome-control-center1 libgnome-desktop-3-2 libgnome-media-profiles-3.0-0 libgnome-menu-3-0 libgnomekbd7 libgoa-1.0-0 libgphoto2-l10n libgrip0 libgtk-3-0 libgtk-3-bin libgtk-3-common libgtk-vnc-2.0-0 libgtkhtml-4.0-0 libgtkhtml-4.0-common libgtkhtml-editor-4.0-0 libgtkmm-3.0-1 libgtksourceview-3.0-0 libgtksourceview-3.0-common libgtkspell3-0 libgucharmap-2-90-7 libgvnc-1.0-0 libgweather-3-0 libgwibber-gtk2 libgwibber2 libhtml-form-perl libhttp-cookies-perl libhttp-daemon-perl libhttp-date-perl libhttp-message-perl libhttp-negotiate-perl libibus-1.0-0 libido3-0.1-0 libindicate-gtk3 libindicator-messages-status-provider1 libindicator3-6 libindicator6 libio-socket-ssl-perl libjpeg8 libjson0 libjte1 liblaunchpad-integration-3.0-1 liblcms2-2 liblightdm-gobject-1-0 libllvm2.9 liblwp-mediatypes-perl liblwp-protocol-https-perl libmhash2 libminiupnpc5 libmng1 libmono-cairo4.0-cil libmono-corlib4.0-cil libmono-csharp4.0-cil libmono-i18n-west4.0-cil libmono-i18n4.0-cil libmono-management4.0-cil libmono-posix4.0-cil libmono-security4.0-cil libmono-sharpzip4.84-cil libmono-system-configuration4.0-cil libmono-system-core4.0-cil libmono-system-drawing4.0-cil libmono-system-security4.0-cil libmono-system-xml4.0-cil libmono-system4.0-cil libmount1 libmtp-common libmtp-runtime libmtp9 libmysqlclient16 libnatpmp1 libnet-http-perl libnet-ssleay-perl libnl3 libnm-glib4 libnm-gtk-common libnm-gtk0 libnm-util2 libnotify-bin libnux-1.0-0 libnux-1.0-common liboauth0 liboverlay-scrollbar-0.2-0 liboverlay-scrollbar3-0.2-0 libp11-kit0 libpanel-applet-4-0 libpeas-1.0-0 libpeas-common libperl5.12 libpod-plainer-perl libpostproc52 libppl-c4 libppl9 libprotobuf7 libprotoc7 libpwl5 libqt4-dbus libqt4-declarative libqt4-network libqt4-opengl libqt4-script libqt4-sql libqt4-sql-mysql libqt4-svg libqt4-xml libqt4-xmlpatterns libqtbamf1 libqtcore4 libqtdee2 libqtgconf1 libqtgui4 libquadmath0 libraptor2-0 librasqal3 librest-0.7-0 librsync1 librtmp0 libssl1.0.0 libstdc++6-4.6-dev libswitch-perl libswscale2 libtinfo5 libtotem0 libunique-3.0-0 libunity-2d-private0 libunity-core-4.0-4 libunity-misc4 libunity6 libvte-2.90-9 libwebkitgtk-3.0-0 libwebkitgtk-3.0-common libwnck-3-0 libwnck-3-common libwww-robotrules-perl libxcb-util0 libyajl1 libyaml-tiny-perl libyelp0 lightdm linux-headers-3.0.0-19 linux-headers-3.0.0-19-generic-pae linux-image-3.0.0-19-generic-pae mono-4.0-gac mysql-common oneconf patchutils ptouch-driver python-dateutil python-gobject-2 python-pyatspi2 qdbus qt-at-spi rastertosag-gdi sni-qt software-properties-common sound-theme-freedesktop tcl8.5 telepathy-indicator thunderbird thunderbird-globalmenu thunderbird-gnome-support ubuntuone-couch ubuntuone-installer unity-2d unity-2d-launcher unity-2d-panel unity-2d-places unity-2d-spread unity-greeter unity-lens-applications unity-lens-files unity-lens-music unity-scope-musicstores unity-services xdiagnose zenity-common
2012-05-02 22:14:22,618 DEBUG Upgrade: acpid aisleriot alacarte alsa-base alsa-utils app-install-data app-install-data-partner apparmor apparmor-utils appmenu-gtk apport apport-gtk apport-symptoms apt apt-transport-https apt-utils apt-xapian-index aptdaemon aptdaemon-data apturl apturl-common aspell-en at at-spi avahi-autoipd avahi-daemon avahi-utils bamfdaemon banshee banshee-extension-soundmenu banshee-extension-ubuntuonemusicstore baobab base-files base-passwd bash bash-completion bind9-host binfmt-support binutils bluez bluez-alsa bluez-cups bluez-gstreamer bogofilter bogofilter-bdb bogofilter-common brasero brasero-cdrkit brasero-common brltty brltty-x11 bsdmainutils bsdutils busybox-initramfs busybox-static bzip2 ca-certificates checkbox checkbox-gtk cli-common command-not-found command-not-found-data compiz compiz-core compiz-gnome compiz-plugins compiz-plugins-main compizconfig-backend-gconf computer-janitor computer-janitor-gtk console-setup consolekit cpp cpp-4.5 cron cups cups-bsd cups-client cups-common cups-driver-gutenprint cups-ppdc dash dbus dbus-x11 debconf debconf-i18n debianutils desktop-file-utils dictionaries-common dmsetup dnsmasq-base dnsutils doc-base dosfstools dpkg dpkg-dev dvd+rw-tools eject empathy empathy-common eog espeak espeak-data evince evince-common evolution evolution-common evolution-data-server evolution-data-server-common evolution-exchange evolution-indicator evolution-plugins evolution-webcal example-content fakeroot file file-roller firefox firefox-globalmenu firefox-locale-en firefox-locale-zh-hans flashplugin-installer fontconfig fontconfig-config foo2zjs foomatic-db-compressed-ppds foomatic-db-engine foomatic-filters friendly-recovery ftp fuse-utils g++ g++-4.5 gamin gbrainy gcalctool gcc gcc-4.5 gcc-4.5-base gcj-4.4-base gcj-4.4-jre-headless gcj-4.4-jre-lib gconf-defaults-service gconf-editor gconf2 gconf2-common gdb gdm gdm-guest-session gedit gedit-common geoclue geoclue-ubuntu-geoip geoip-database ghostscript ghostscript-cups ghostscript-x gir1.2-appindicator-0.1 gir1.2-atk-1.0 gir1.2-freedesktop gir1.2-gconf-2.0 gir1.2-gdkpixbuf-2.0 gir1.2-glib-2.0 gir1.2-gtk-2.0 gir1.2-notify-0.7 gir1.2-pango-1.0 gir1.2-soup-2.4 glib-networking gnome-accessibility-themes gnome-applets-data gnome-bluetooth gnome-codec-install gnome-control-center gnome-disk-utility gnome-doc-utils gnome-games-common gnome-icon-theme gnome-keyring gnome-mahjongg gnome-media gnome-menus gnome-nettool gnome-orca gnome-panel-data gnome-power-manager gnome-screensaver gnome-screenshot gnome-search-tool gnome-session gnome-session-bin gnome-session-canberra gnome-session-common gnome-settings-daemon gnome-sudoku gnome-system-log gnome-system-monitor gnome-system-tools gnome-terminal gnome-terminal-data gnome-user-guide gnome-user-share gnome-utils-common gnomine grep groff-base growisofs grub-common grub-gfxpayload-lists grub-pc gsettings-desktop-schemas gstreamer0.10-alsa gstreamer0.10-ffmpeg gstreamer0.10-gnonlin gstreamer0.10-plugins-base gstreamer0.10-plugins-base-apps gstreamer0.10-plugins-good gstreamer0.10-pulseaudio gstreamer0.10-tools gstreamer0.10-x gtk2-engines-pixbuf gucharmap guile-1.8-libs gvfs gvfs-backends gvfs-fuse gwibber gwibber-service gwibber-service-facebook gwibber-service-identica gwibber-service-twitter gzip hdparm hostname hpijs hplip hplip-cups hplip-data humanity-icon-theme hunspell-en-ca hunspell-en-us hwdata ibus ibus-gtk ibus-pinyin ibus-pinyin-db-android ibus-table ibus-table-wubi ifupdown im-switch indicator-application indicator-appmenu indicator-datetime indicator-messages indicator-session indicator-sound info initramfs-tools initramfs-tools-bin initscripts inputattach insserv install-info iproute iputils-arping iputils-ping iputils-tracepath isc-dhcp-client isc-dhcp-common iso-codes jockey-common jockey-gtk kbd kerneloops-daemon keyboard-configuration klibc-utils language-pack-en language-pack-en-base language-pack-gnome-en language-pack-gnome-en-base language-pack-gnome-zh-hans language-pack-gnome-zh-hans-base language-pack-zh-hans language-pack-zh-hans-base language-selector-common language-selector-gnome launchpad-integration less lftp libacl1 libalgorithm-diff-xs-perl libapparmor-perl libapparmor1 libappindicator0.1-cil libappindicator1 libapt-pkg-perl libarchive1 libart2.0-cil libasound2 libasound2-plugins libatk1.0-0 libatk1.0-data libatkmm-1.6-1 libatspi1.0-0 libattr1 libavahi-client3 libavahi-common-data libavahi-common3 libavahi-core7 libavahi-glib1 libavahi-gobject0 libavahi-ui0 libbamf0 libbind9-60 libblas3gf libblkid1 libbluetooth3 libbrlapi0.5 libbsd0 libburn4 libbz2-1.0 libc-bin libc-dev-bin libc6 libc6-dev libcaca0 libcairo-gobject2 libcairo-perl libcairo2 libcairomm-1.0-1 libcanberra-gtk-module libcanberra-gtk0 libcanberra-pulse libcanberra0 libcap-ng0 libcap2 libck-connector0 libcloog-ppl0 libcolamd2.7.1 libcompizconfig0 libcups2 libcupscgi1 libcupsdriver1 libcupsimage2 libcupsmime1 libcupsppdc1 libcurl3 libcurl3-gnutls libdatrie1 libdb4.8 libdbus-1-3 libdbus-glib-1-2 libdconf0 libdecoration0 libdee-1.0-1 libdevmapper-event1.02.1 libdevmapper1.02.1 libdigest-hmac-perl libdigest-sha1-perl libdjvulibre-text libdjvulibre21 libdns69 libdpkg-perl libdrm-intel1 libdrm-nouveau1a libdrm-radeon1 libdrm2 libdv4 libedit2 libelf1 libelfg0 libenchant1c2a libept1 libespeak1 libevent-1.4-2 libevolution libexif12 libflac8 libfontconfig1 libfreetype6 libfuse2 libgadu3 libgail-common libgail18 libgamin0 libgcc1 libgcj-common libgcj10 libgconf2-4 libgconf2.0-cil libgcrypt11 libgd2-xpm libgdata-common libgdata1.7-cil libgdbm3 libgdk-pixbuf2.0-0 libgdu-gtk0 libgdu0 libgee2 libgeoclue0 libgeoip1 libgexiv2-0 libgfortran3 libgirepository-1.0-1 libgkeyfile1.0-cil libgksu2-0 libgl1-mesa-dri libgl1-mesa-glx libglade2.0-cil libgladeui-1-11 libglew1.5 libglewmx1.5 libglib-perl libglib2.0-0 libglib2.0-bin libglib2.0-cil libglib2.0-data libglibmm-2.4-1c2a libglu1-mesa libgmime-2.4-2 libgmime2.4-cil libgmp3c2 libgmpxx4ldbl libgnome-bluetooth8 libgnome-keyring0 libgnome-menu2 libgnome-vfs2.0-cil libgnome2.24-cil libgnomecanvas2-0 libgnomecanvas2-common libgnomekbd-common libgnomeui-0 libgnomeui-common libgnomevfs2-0 libgnomevfs2-common libgnutls26 libgomp1 libgpg-error0 libgpgme11 libgphoto2-2 libgphoto2-port0 libgpm2 libgpod-common libgpod4 libgs9 libgs9-common libgsl0ldbl libgssapi-krb5-2 libgssdp-1.0-2 libgstfarsight0.10-0 libgstreamer-plugins-base0.10-0 libgstreamer0.10-0 libgtk-sharp-beans-cil libgtk-vnc-1.0-0 libgtk2-perl libgtk2.0-0 libgtk2.0-bin libgtk2.0-cil libgtk2.0-common libgtkmm-2.4-1c2a libgtkspell0 libgtop2-7 libgtop2-common libgucharmap7 libgudev-1.0-0 libgudev1.0-cil libgupnp-1.0-3 libgupnp-igd-1.0-3 libgutenprint2 libgweather-common libhpmud0 libhtml-format-perl libhtml-parser-perl libhtml-tree-perl libice6 libicu44 libidl0 libidn11 libido-0.1-0 libieee1284-3 libimobiledevice2 libindicate5 libio-pty-perl libipc-run-perl libisc62 libisccc60 libisccfg62 libisofs6 libiw30 libjack-jackd2-0 libjasper1 libjpeg62 libjs-jquery libjson-glib-1.0-0 libk5crypto3 libkeyutils1 libklibc libkpathsea5 libkrb5-3 libkrb5support0 liblapack3gf liblaunchpad-integration-common liblaunchpad-integration1 liblaunchpad-integration1.0-cil liblcms1 libldap-2.4-2 liblircclient0 liblocale-gettext-perl liblouis-data liblouis2 libltdl7 liblua5.1-0 liblvm2app2.2 liblwres60 libmagic1 libmailtools-perl libmeanwhile1 libmetacity-private0 libmikmod2 libmission-control-plugins0 libmono-addins-gui0.2-cil libmono-addins0.2-cil libmono-cairo2.0-cil libmono-corlib2.0-cil libmono-i18n-west2.0-cil libmono-management2.0-cil libmono-posix2.0-cil libmono-security2.0-cil libmono-sharpzip2.84-cil libmono-system2.0-cil libmono-zeroconf1.0-cil libmpc2 libmpfr4 libmtdev1 libnautilus-extension1 libncurses5 libncursesw5 libndesk-dbus-glib1.0-cil libndesk-dbus1.0-cil libneon27-gnutls libnet-dbus-perl libnet-dns-perl libnet-domain-tld-perl libnet-ip-perl libnewt0.52 libnih-dbus1 libnih1 libnl1 libnm-glib-vpn1 libnotify0.4-cil libnotify4 libnspr4 libnspr4-0d libnss3 libnss3-1d libogg0 libopencc1 liborbit2 liborc-0.4-0 libpam-ck-connector libpam-gnome-keyring libpam-modules libpam-modules-bin libpam-runtime libpam0g libpango-perl libpango1.0-0 libpangomm-1.4-1 libpaper-utils libpaper1 libparse-debianchangelog-perl libparted0debian1 libpcap0.8 libpci3 libpciaccess0 libpcsclite1 libpipeline1 libpixman-1-0 libplist1 libplymouth2 libpng12-0 libpolkit-agent-1-0 libpolkit-backend-1-0 libpolkit-gobject-1-0 libpolkit-gtk-1-0 libpoppler-glib6 libpoppler13 libportaudio2 libproxy0 libpst4 libpulse-mainloop-glib0 libpulse0 libpurple-bin libpurple0 libpython2.7 libquvi0 libraptor1 libraw1394-11 librdf0 libreadline5 libreadline6 libreoffice-base-core libreoffice-calc libreoffice-common libreoffice-core libreoffice-draw libreoffice-emailmerge libreoffice-gnome libreoffice-gtk libreoffice-help-en-gb libreoffice-help-en-us libreoffice-help-zh-cn libreoffice-impress libreoffice-l10n-common libreoffice-l10n-en-gb libreoffice-l10n-en-za libreoffice-l10n-zh-cn libreoffice-math libreoffice-style-human libreoffice-writer librpc-xml-perl librsvg2-2 librsvg2-common libruby1.8 libsamplerate0 libsane libsane-hpaio libsasl2-2 libsasl2-modules libschroedinger-1.0-0 libsdl-image1.2 libsdl-mixer1.2 libsdl1.2debian libsdl1.2debian-pulseaudio libselinux1 libsensors4 libsepol1 libsgutils2-2 libshout3 libsigc++-2.0-0c2a libslang2 libsm6 libsmbclient libsndfile1 libsnmp-base libsnmp15 libsoup-gnome2.4-1 libsoup2.4-1 libspeechd2 libspeex1 libspeexdsp1 libsqlite3-0 libssl0.9.8 libstartup-notification0 libstdc++6 libstdc++6-4.5-dev libsub-name-perl libsyncdaemon-1.0-1 libt1-5 libtag1-vanilla libtag1c2a libtaglib2.0-cil libtalloc2 libtasn1-3 libtdb1 libtelepathy-farsight0 libtelepathy-glib0 libtelepathy-logger2 libterm-readkey-perl libtext-charwidth-perl libtext-iconv-perl libthai-data libthai0 libtiff4 libtotem-plparser17 libubuntuone-1.0-1 libubuntuone1.0-cil libudev0 libunique-1.0-0 libunistring0 libupower-glib1 liburi-perl libusb-0.1-4 libusb-1.0-0 libusbmuxd1 libutempter0 libutouch-frame1 libutouch-geis1 libutouch-grail1 libuuid-perl libuuid1 libv4l-0 libva1 libvisual-0.4-plugins libvorbis0a libvorbisenc2 libvorbisfile3 libvte-common libvte9 libwbclient0 libwebkitgtk-1.0-0 libwebkitgtk-1.0-common libwmf0.2-7 libwmf0.2-7-gtk libwnck-common libwnck22 libwpd-0.9-9 libwpg-0.2-2 libwps-0.2-2 libwrap0 libwww-perl libx11-6 libx11-data libx11-xcb1 libx86-1 libxapian22 libxau6 libxcb-dri2-0 libxcb-render0 libxcb-shape0 libxcb-shm0 libxcb1 libxcomposite1 libxcursor1 libxdamage1 libxdmcp6 libxext6 libxfixes3 libxfont1 libxft2 libxi6 libxinerama1 libxklavier16 libxml-parser-perl libxml-twig-perl libxml2 libxml2-utils libxmu6 libxmuu1 libxp6 libxrandr2 libxrender1 libxslt1.1 libxss1 libxt6 libxtst6 libxv1 libxxf86vm1 libzeitgeist-1.0-1 libzephyr4 light-themes lintian linux-firmware linux-generic-pae linux-headers-generic-pae linux-image-generic-pae linux-libc-dev linux-sound-base locales lockfile-progs login logrotate lsb-base lsb-release make man-db mawk media-player-info memtest86+ metacity metacity-common mlocate mobile-broadband-provider-info modemmanager module-init-tools mono-2.0-gac mono-csharp-shell mono-gac mono-gmcs mono-runtime mount mountall mousetweaks mtr-tiny multiarch-support myspell-en-au myspell-en-gb myspell-en-za mythes-en-us nautilus nautilus-data nautilus-sendto nautilus-sendto-empathy nautilus-share ncurses-base ncurses-bin netbase netcat-openbsd network-manager network-manager-gnome network-manager-pptp network-manager-pptp-gnome notify-osd ntfs-3g ntpdate nux-tools nvidia-common obexd-client onboard openprinting-ppds openssh-client openssl os-prober overlay-scrollbar parted passwd patch pciutils perl perl-base perl-modules pitivi pkg-config plymouth plymouth-label plymouth-theme-ubuntu-logo plymouth-theme-ubuntu-text pm-utils policykit-1 policykit-1-gnome policykit-desktop-privileges poppler-utils popularity-contest pppoeconf procps protobuf-compiler psmisc pulseaudio pulseaudio-esound-compat pulseaudio-module-bluetooth pulseaudio-module-gconf pulseaudio-module-x11 pulseaudio-utils pxljr python python-appindicator python-apport python-apt python-apt-common python-aptdaemon python-aptdaemon-gtk python-aptdaemon.gtk3widgets python-aptdaemon.gtkwidgets python-argparse python-brlapi python-cairo python-central python-chardet python-configglue python-crypto python-cups python-cupshelpers python-dbus python-debian python-egenix-mxdatetime python-egenix-mxtools python-farsight python-gconf python-gdbm python-glade2 python-gmenu python-gnome2 python-gnomekeyring python-gnupginterface python-gobject python-gobject-cairo python-gst0.10 python-gtk2 python-gtksourceview2 python-gtkspell python-httplib2 python-ibus python-imaging python-indicate python-keyring python-launchpad-integration python-launchpadlib python-lazr.restfulclient python-lazr.uri python-libproxy python-libxml2 python-louis python-mako python-markupsafe python-minimal python-notify python-numpy python-oauth python-openssl python-pam python-papyon python-pexpect python-piston-mini-client python-pkg-resources python-problem-report python-protobuf python-pycurl python-pygame python-pyinotify python-serial python-simplejson python-smbc python-software-properties python-speechd python-support python-telepathy python-twisted-bin python-twisted-core python-twisted-names python-twisted-web python-ubuntuone-client python-ubuntuone-control-panel python-ubuntuone-storageprotocol python-uno python-virtkey python-vte python-wadllib python-webkit python-wnck python-wsgi-intercept python-xapian python-xdg python-xkit python-zope.interface python2.7 python2.7-minimal rdesktop readline-common rsync rsyslog rtkit samba-common samba-common-bin sane-utils seahorse sed sessioninstaller sgml-data shared-mime-info shotwell simple-scan smbclient software-center software-properties-gtk speech-dispatcher splix ssh-askpass-gnome strace sudo synaptic syslinux syslinux-common system-config-printer-common system-config-printer-gnome system-config-printer-udev sysv-rc sysvinit-utils tcl tcpd tcpdump telepathy-butterfly telepathy-gabble telepathy-haze telepathy-idle telepathy-logger telepathy-mission-control-5 telepathy-salut tomboy toshset totem totem-common totem-mozilla totem-plugins transmission-common transmission-gtk ttf-dejavu-core ttf-dejavu-extra ttf-freefont ttf-liberation ttf-opensymbol ttf-thai-tlwg ttf-ubuntu-font-family ttf-wqy-zenhei tzdata ubufox ubuntu-artwork ubuntu-desktop ubuntu-docs ubuntu-minimal ubuntu-mono ubuntu-sso-client ubuntu-standard ubuntu-system-service ubuntu-wallpapers ubuntuone-client ubuntuone-client-gnome ubuntuone-control-panel ubuntuone-control-panel-gtk ucf udev udisks ufw unattended-upgrades unity unity-asset-pool unity-common unity-place-applications unity-place-files uno-libs3 update-inetd update-manager update-manager-core update-notifier update-notifier-common upower upstart ure usb-creator-common usb-creator-gtk usb-modeswitch usb-modeswitch-data usbmuxd usbutils util-linux uuid-runtime vim vim-common vim-gnome vim-gui-common vim-runtime vim-tiny vinagre vino wget whiptail whois wireless-crda wireless-tools wpasupplicant x-ttcidfont-conf x11-common x11-utils x11-xfs-utils x11-xkb-utils x11-xserver-utils xauth xdg-user-dirs xdg-user-dirs-gtk xdg-utils xfonts-utils xinit xkb-data xorg xorg-docs-core xscreensaver-data xscreensaver-gl xserver-common xserver-xorg xserver-xorg-core xserver-xorg-input-all xserver-xorg-input-evdev xserver-xorg-input-mouse xserver-xorg-input-synaptics xserver-xorg-input-vmmouse xserver-xorg-input-wacom xserver-xorg-video-all xserver-xorg-video-apm xserver-xorg-video-ark xserver-xorg-video-ati xserver-xorg-video-chips xserver-xorg-video-geode xserver-xorg-video-i128 xserver-xorg-video-i740 xserver-xorg-video-intel xserver-xorg-video-mach64 xserver-xorg-video-neomagic xserver-xorg-video-nouveau xserver-xorg-video-openchrome xserver-xorg-video-qxl xserver-xorg-video-r128 xserver-xorg-video-radeon xserver-xorg-video-s3 xserver-xorg-video-s3virge xserver-xorg-video-siliconmotion xserver-xorg-video-sis xserver-xorg-video-sisusb xserver-xorg-video-tdfx xserver-xorg-video-trident xserver-xorg-video-tseng xserver-xorg-video-vesa xserver-xorg-video-vmware xserver-xorg-video-voodoo xsltproc xterm xul-ext-ubufox yelp yelp-xsl zeitgeist zeitgeist-core zeitgeist-datahub zeitgeist-extension-fts zenity zip
2012-05-02 22:14:22,620 DEBUG apt btrfs snapshots supported: False
2012-05-02 22:14:22,620 DEBUG cache aufs_rw_dir: /tmp/
2012-05-02 22:14:22,620 DEBUG Free space on /: 358409461760
2012-05-02 22:14:22,620 DEBUG Dir /usr mounted on /
2012-05-02 22:14:22,620 DEBUG Dir /var mounted on /
2012-05-02 22:14:22,620 DEBUG Dir /boot mounted on /
2012-05-02 22:14:22,620 DEBUG Dir /var/cache/apt/archives mounted on /
2012-05-02 22:14:22,620 DEBUG Dir /tmp mounted on /
2012-05-02 22:14:22,620 DEBUG Dir /home mounted on /
2012-05-02 22:14:22,620 DEBUG Dir /tmp mounted on /
2012-05-02 22:14:22,620 DEBUG fs_free contains: '{'/var': <DistUpgradeCache.FreeSpace object at 0xa7a23cc>, '/tmp': <DistUpgradeCache.FreeSpace object at 0xa7a23cc>, '/usr': <DistUpgradeCache.FreeSpace object at 0xa7a23cc>, '/boot': <DistUpgradeCache.FreeSpace object at 0xa7a23cc>, '/home': <DistUpgradeCache.FreeSpace object at 0xa7a23cc>, '/': <DistUpgradeCache.FreeSpace object at 0xa7a23cc>, '/var/cache/apt/archives': <DistUpgradeCache.FreeSpace object at 0xa7a23cc>}'
2012-05-02 22:14:22,865 DEBUG linux-image-3.0.0-19-generic-pae (new-install) added with 21533320 to boot space
2012-05-02 22:14:23,247 DEBUG dir '/var/cache/apt/archives' needs '710501840' of '<DistUpgradeCache.FreeSpace object at 0xa7a23cc>' (358409461760.000000)
2012-05-02 22:14:23,248 DEBUG dir '/usr' needs '494137344' of '<DistUpgradeCache.FreeSpace object at 0xa7a23cc>' (357698959920.000000)
2012-05-02 22:14:23,248 DEBUG dir '/usr' needs '52428800' of '<DistUpgradeCache.FreeSpace object at 0xa7a23cc>' (357204822576.000000)
2012-05-02 22:14:23,248 DEBUG dir '/boot' needs '21533320' of '<DistUpgradeCache.FreeSpace object at 0xa7a23cc>' (357152393776.000000)
2012-05-02 22:14:23,248 DEBUG dir '/tmp' needs '5242880' of '<DistUpgradeCache.FreeSpace object at 0xa7a23cc>' (357130860456.000000)
2012-05-02 22:14:23,248 DEBUG dir '/' needs '10485760' of '<DistUpgradeCache.FreeSpace object at 0xa7a23cc>' (357125617576.000000)
2012-05-02 22:14:23,248 DEBUG dir '/tmp' needs '0.0' of '<DistUpgradeCache.FreeSpace object at 0xa7a23cc>' (357115131816.000000)
2012-05-02 22:14:23,248 DEBUG dir '/usr' needs '0.0' of '<DistUpgradeCache.FreeSpace object at 0xa7a23cc>' (357115131816.000000)
2012-05-02 22:14:23,252 DEBUG demoted: 'computer-janitor-gtk alacarte python-gtksourceview2 gtk2-engines-pixbuf libpst4 xserver-xorg-video-tseng python-gtkspell gconf-defaults-service bogofilter-bdb bogofilter libnet-dbus-perl libndesk-dbus1.0-cil xserver-xorg-video-i128 xserver-xorg-video-chips xserver-xorg-video-voodoo synaptic python-wsgi-intercept libgmp3c2 mono-2.0-gac gnome-applets-data gdm-guest-session system-tools-backends gnome-about xserver-xorg-video-rendition gnome-mag xfonts-wqy gnome-themes-ubuntu libsilcclient-1.1-3 libfreezethaw-perl libntfs10 liboobs-1-5 libboost-serialization1.42.0 libgnome-mag2 libmldbm-perl libsilc-1.1-2 libgraphite3 libgtksourceview2.0-0 gnome-themes-selected screensaver-default-images libgtksourceview2.0-common gnome-panel-data libnl1 libssl0.9.8 xserver-xorg-video-i740 libndesk-dbus-glib1.0-cil gconf-editor gnome-system-tools bogofilter-common libevent-1.4-2 xserver-xorg-video-s3virge xserver-xorg-video-apm xserver-xorg-video-ark brltty-x11'
2012-05-02 22:14:23,252 DEBUG found components: {'oneiric-security': set(['restricted', 'main', 'multiverse', 'universe']), 'oneiric': set(['restricted', 'main', 'multiverse', 'universe']), 'oneiric-updates': set(['restricted', 'main', 'multiverse', 'universe'])}
2012-05-02 22:14:42,155 DEBUG disabling apt cron job (0755)
2012-05-02 23:38:32,390 DEBUG plugins for condition 'StartUpgrade' are '[]'
2012-05-02 23:38:32,391 DEBUG plugins for condition 'oneiricStartUpgrade' are '[]'
2012-05-02 23:38:32,391 DEBUG plugins for condition 'from_nattyStartUpgrade' are '[]'
2012-05-02 23:38:32,391 DEBUG quirks: running StartUpgrade
2012-05-02 23:38:32,391 DEBUG skipping 'README' (no '.')
2012-05-02 23:38:32,392 DEBUG check if patch '_usr_bin_pycompile.b17cebfbf18d152702278b15710d5095.97c07a02e5951cf68cb3f86534f6f917' needs to be applied
2012-05-02 23:38:32,392 DEBUG target for '_usr_bin_pycompile.b17cebfbf18d152702278b15710d5095.97c07a02e5951cf68cb3f86534f6f917' is '_usr_bin_pycompile' -> '/usr/bin/pycompile'
2012-05-02 23:38:32,409 WARNING unexpected target md5sum, skipping: '/usr/bin/pycompile'
2012-05-02 23:38:32,410 DEBUG killing update-notifier
2012-05-02 23:38:32,419 DEBUG killing kblueplugd kbluetooth4
2012-05-02 23:38:32,438 DEBUG killing gnome-screensaver
2012-05-02 23:38:32,456 DEBUG setup poke timer for the scrensaver
2012-05-02 23:38:32,466 DEBUG quirks: running oneiricStartUpgrade
2012-05-02 23:38:32,466 DEBUG oneiric StartUpgrade quirks
2012-05-02 23:38:32,486 DEBUG apt btrfs snapshots supported: False
2012-05-02 23:38:32,487 INFO cache.commit()
2012-05-02 23:38:32,487 DEBUG failed to SystemUnLock() (E:未锁定) 
2012-05-03 00:12:25,057 DEBUG got a conffile-prompt from dpkg for file: '/etc/gnome/defaults.list'
2012-05-03 00:25:10,949 DEBUG enabling apt cron job
2012-05-03 00:25:10,949 DEBUG icon theme changed, re-reading
2012-05-03 00:25:10,950 DEBUG openCache()
2012-05-03 00:25:10,950 DEBUG failed to SystemUnLock() (E:未锁定) 
2012-05-03 00:25:13,517 DEBUG /openCache(), new cache size 36080
2012-05-03 00:25:13,517 DEBUG plugins for condition 'PostUpgrade' are '[]'
2012-05-03 00:25:13,517 DEBUG plugins for condition 'oneiricPostUpgrade' are '[]'
2012-05-03 00:25:13,517 DEBUG plugins for condition 'from_nattyPostUpgrade' are '[]'
2012-05-03 00:25:14,927 DEBUG Obsolete: libgp11-0 libedataserver1.2-14 language-support-en linux-headers-2.6.38-8 libgnome-media0 libunity-misc0 linux-image-2.6.38-13-generic-pae libxcb-aux0 libppl-c2 libedataserverui1.2-11 libgnomekbd4 gnome-panel-bonobo linux-headers-2.6.38-13 libprotobuf6 language-support-fonts-zh-hans libnotify1 language-support-writing-en gir1.2-vte-0.0 libswscale0 libdbusmenu-glib3 libedata-book1.2-8 language-support-zh-hans linux-headers-2.6.38-13-generic-pae libnux-0.9-0 libntfs-3g79 libnux-0.9-common libgweather1 libnm-glib2 libgnome-window-settings1 libpanel-applet-3-0 language-support-input-zh-hans libegroupwise1.2-13 libxcb-atom1 libprotoc6 libebook1.2-10 libavformat52 libedata-cal1.2-10 libpostproc51 libfolks-telepathy22 google-chrome-stable libgdata11 libecal1.2-8 libebackend1.2-0 libfolks22 libavutil50 gnome-media-common libunity4 libnm-util1 libdbusmenu-gtk3 libavcodec52 liboverlay-scrollbar-0.1-0 libibus2 libindicate-gtk2 libcryptui0 libffi5 libindicator3 librasqal2 libgwibber1 libppl7 libxcb-event1 libcamel1.2-19 libgcr0
2012-05-03 00:25:14,927 DEBUG Foreign: 
2012-05-03 00:25:14,927 DEBUG identifyObsoleteKernels()
2012-05-03 00:25:16,153 DEBUG identifyObsoleteKernels found 'set([])'
2012-05-03 00:25:16,153 DEBUG forced_obsoletes: ['ksplash-engine-moodin', 'powernowd', 'laptop-mode-tools', 'desktop-effects', 'cups-pdf', 'gnome-app-install', 'policykit-gnome', 'gnome-mount']
2012-05-03 00:25:16,475 DEBUG Unused dependencies: libswscale0 libavcodec52 gir1.2-panelapplet-4.0 libpostproc51 linux-headers-2.6.38-13-generic-pae linux-headers-2.6.38-8 libpanel-applet-4-0 libavformat52 libavutil50 linux-headers-2.6.38-13
2012-05-03 00:25:16,475 DEBUG remove_candidates: 'set(['libgp11-0', 'libedataserver1.2-14', 'language-support-en', 'policykit-gnome', 'libgnome-media0', 'libunity-misc0', 'linux-image-2.6.38-13-generic-pae', 'libxcb-aux0', 'libppl-c2', 'libffi5', 'libpanel-applet-4-0', 'libedataserverui1.2-11', 'ksplash-engine-moodin', 'libgnomekbd4', 'gnome-panel-bonobo', 'libavformat52', 'libprotobuf6', 'language-support-fonts-zh-hans', 'gnome-app-install', 'libnotify1', 'language-support-writing-en', 'gir1.2-vte-0.0', 'libebook1.2-10', 'powernowd', 'libdbusmenu-glib3', 'libedata-book1.2-8', 'linux-headers-2.6.38-13', 'libntfs-3g79', 'gir1.2-panelapplet-4.0', 'libnux-0.9-common', 'desktop-effects', 'libgweather1', 'libcryptui0', 'libnm-glib2', 'libedata-cal1.2-10', 'libpanel-applet-3-0', 'language-support-input-zh-hans', 'libegroupwise1.2-13', 'libxcb-atom1', 'libprotoc6', 'libswscale0', 'laptop-mode-tools', 'linux-headers-2.6.38-13-generic-pae', 'libgnome-window-settings1', 'libpostproc51', 'cups-pdf', 'libfolks-telepathy22', 'google-chrome-stable', 'libgdata11', 'libecal1.2-8', 'libebackend1.2-0', 'libdbusmenu-gtk3', 'gnome-mount', 'language-support-zh-hans', 'gnome-media-common', 'libunity4', 'libnm-util1', 'libfolks22', 'libavcodec52', 'liboverlay-scrollbar-0.1-0', 'libavutil50', 'libibus2', 'libindicate-gtk2', 'linux-headers-2.6.38-8', 'libnux-0.9-0', 'libindicator3', 'librasqal2', 'libgwibber1', 'libppl7', 'libxcb-event1', 'libcamel1.2-19', 'libgcr0'])'
2012-05-03 00:25:16,475 DEBUG Start checking for obsolete pkgs
2012-05-03 00:25:16,781 DEBUG skipping 'language-support-en' (in KeepInstalledSection)
2012-05-03 00:25:16,808 DEBUG 'language-support-en' scheduled for remove but not safe to remove, skipping
2012-05-03 00:25:16,934 DEBUG skipping running kernel pkg 'linux-image-2.6.38-13-generic-pae'
2012-05-03 00:25:16,978 DEBUG 'linux-image-2.6.38-13-generic-pae' scheduled for remove but not safe to remove, skipping
2012-05-03 00:25:17,973 DEBUG skipping 'language-support-fonts-zh-hans' (in KeepInstalledSection)
2012-05-03 00:25:17,997 DEBUG 'language-support-fonts-zh-hans' scheduled for remove but not safe to remove, skipping
2012-05-03 00:25:18,065 DEBUG skipping 'language-support-writing-en' (in KeepInstalledSection)
2012-05-03 00:25:18,109 DEBUG 'language-support-writing-en' scheduled for remove but not safe to remove, skipping
2012-05-03 00:25:19,126 DEBUG skipping 'language-support-input-zh-hans' (in KeepInstalledSection)
2012-05-03 00:25:19,148 DEBUG 'language-support-input-zh-hans' scheduled for remove but not safe to remove, skipping
2012-05-03 00:25:19,429 DEBUG skipping running kernel pkg 'linux-headers-2.6.38-13-generic-pae'
2012-05-03 00:25:19,463 DEBUG 'linux-headers-2.6.38-13-generic-pae' scheduled for remove but not safe to remove, skipping
2012-05-03 00:25:19,949 DEBUG skipping 'language-support-zh-hans' (in KeepInstalledSection)
2012-05-03 00:25:19,971 DEBUG 'language-support-zh-hans' scheduled for remove but not safe to remove, skipping
2012-05-03 00:25:20,915 DEBUG Finish checking for obsolete pkgs
2012-05-03 00:25:20,926 DEBUG The following packages are marked for removal: libfolks-telepathy22 libxcb-aux0 libpanel-applet-3-0 libgnomekbd4 libpanel-applet-4-0 libswscale0 libavutil50 libunity4 libnux-0.9-common gir1.2-vte-0.0 libnux-0.9-0 libxcb-event1 libindicator3 libppl7 libdbusmenu-glib3 libedataserverui1.2-11 libgnome-media0 linux-headers-2.6.38-8 libibus2 libnm-util1 libindicate-gtk2 libcamel1.2-19 libpostproc51 libnotify1 gnome-media-common librasqal2 libavformat52 linux-headers-2.6.38-13-generic-pae libgweather1 libfolks22 libxcb-atom1 libffi5 libcryptui0 linux-headers-2.6.38-13 libebook1.2-10 libgp11-0 libgcr0 libgdata11 libppl-c2 libprotobuf6 libegroupwise1.2-13 libgwibber1 libdbusmenu-gtk3 libnm-glib2 libecal1.2-8 libedataserver1.2-14 liboverlay-scrollbar-0.1-0 libedata-cal1.2-10 libgnome-window-settings1 gnome-panel-bonobo libedata-book1.2-8 libavcodec52 libunity-misc0 libebackend1.2-0 libprotoc6 gir1.2-panelapplet-4.0 libntfs-3g79
2012-05-03 00:25:41,526 INFO cache.commit()
2012-05-03 00:26:26,708 DEBUG plugins for condition 'PostCleanup' are '[<dpkg_status_plugin.DpkgStatusPlugin object at 0xa35f28c>]'
2012-05-03 00:26:26,709 DEBUG running quirks plugin <dpkg_status_plugin.DpkgStatusPlugin object at 0xa35f28c>
2012-05-03 00:26:26,725 DEBUG DpkgStatusPlugin found 0 cruft items
2012-05-03 00:26:26,725 DEBUG plugins for condition 'oneiricPostCleanup' are '[]'
2012-05-03 00:26:26,726 DEBUG plugins for condition 'from_nattyPostCleanup' are '[]'
2012-05-03 00:26:26,726 DEBUG quirks: running PostCleanup
2012-05-03 00:26:26,726 DEBUG running Quirks.PostCleanup
2012-05-03 00:26:26,726 DEBUG Running PostInstallScript: './xorg_fix_proprietary.py'
2012-05-03 00:26:26,916 DEBUG icon theme changed, re-reading
2012-05-03 00:26:35,434 DEBUG enabling apt cron job
