[    21.836] 
X.Org X Server 1.11.3
Release Date: 2011-12-16
[    21.836] X Protocol Version 11, Revision 0
[    21.836] Build Operating System: Linux 2.6.42-37-generic i686 Ubuntu
[    21.836] Current Operating System: Linux zhuqingyang-Rev-1-0 3.2.0-61-generic-pae #92-Ubuntu SMP Tue Apr 1 00:10:04 UTC 2014 i686
[    21.836] Kernel command line: BOOT_IMAGE=/boot/vmlinuz-3.2.0-61-generic-pae root=UUID=4e672614-a8b6-4bfc-83a7-e7fb7fd10a74 ro quiet splash vt.handoff=7
[    21.836] Build Date: 16 October 2013  04:45:22PM
[    21.836] xorg-server 2:1.11.4-0ubuntu10.14 (For technical support please see http://www.ubuntu.com/support) 
[    21.836] Current version of pixman: 0.30.2
[    21.836] 	Before reporting problems, check http://wiki.x.org
	to make sure that you have the latest version.
[    21.836] Markers: (--) probed, (**) from config file, (==) default setting,
	(++) from command line, (!!) notice, (II) informational,
	(WW) warning, (EE) error, (NI) not implemented, (??) unknown.
[    21.836] (==) Log file: "/var/log/Xorg.0.log", Time: Sat Dec 20 20:17:40 2014
[    21.862] (==) Using system config directory "/usr/share/X11/xorg.conf.d"
[    21.862] (==) No Layout section.  Using the first Screen section.
[    21.862] (==) No screen section available. Using defaults.
[    21.862] (**) |-->Screen "Default Screen Section" (0)
[    21.862] (**) |   |-->Monitor "<default monitor>"
[    21.862] (==) No monitor specified for screen "Default Screen Section".
	Using a default monitor configuration.
[    21.862] (==) Automatically adding devices
[    21.862] (==) Automatically enabling devices
[    21.863] (WW) The directory "/usr/share/fonts/X11/cyrillic" does not exist.
[    21.863] 	Entry deleted from font path.
[    21.863] (WW) The directory "/usr/share/fonts/X11/100dpi/" does not exist.
[    21.863] 	Entry deleted from font path.
[    21.863] (WW) The directory "/usr/share/fonts/X11/75dpi/" does not exist.
[    21.863] 	Entry deleted from font path.
[    21.863] (WW) The directory "/usr/share/fonts/X11/100dpi" does not exist.
[    21.863] 	Entry deleted from font path.
[    21.863] (WW) The directory "/usr/share/fonts/X11/75dpi" does not exist.
[    21.863] 	Entry deleted from font path.
[    21.863] (==) FontPath set to:
	/usr/share/fonts/X11/misc,
	/usr/share/fonts/X11/Type1,
	/var/lib/defoma/x-ttcidfont-conf.d/dirs/TrueType,
	built-ins
[    21.863] (==) ModulePath set to "/usr/lib/i386-linux-gnu/xorg/extra-modules,/usr/lib/xorg/extra-modules,/usr/lib/xorg/modules"
[    21.863] (II) The server relies on udev to provide the list of input devices.
	If no devices become available, reconfigure udev or disable AutoAddDevices.
[    21.863] (II) Loader magic: 0xb77575a0
[    21.863] (II) Module ABI versions:
[    21.863] 	X.Org ANSI C Emulation: 0.4
[    21.863] 	X.Org Video Driver: 11.0
[    21.863] 	X.Org XInput driver : 16.0
[    21.863] 	X.Org Server Extension : 6.0
[    21.863] (--) PCI:*(0:0:2:0) 8086:0126:17aa:3975 rev 9, Mem @ 0xf4000000/4194304, 0xe0000000/268435456, I/O @ 0x00001800/64
[    21.863] (II) Open ACPI successful (/var/run/acpid.socket)
[    21.863] (II) LoadModule: "extmod"
[    21.881] (II) Loading /usr/lib/xorg/modules/extensions/libextmod.so
[    21.882] (II) Module extmod: vendor="X.Org Foundation"
[    21.882] 	compiled for 1.11.3, module version = 1.0.0
[    21.882] 	Module class: X.Org Server Extension
[    21.882] 	ABI class: X.Org Server Extension, version 6.0
[    21.882] (II) Loading extension MIT-SCREEN-SAVER
[    21.882] (II) Loading extension XFree86-VidModeExtension
[    21.882] (II) Loading extension XFree86-DGA
[    21.882] (II) Loading extension DPMS
[    21.882] (II) Loading extension XVideo
[    21.882] (II) Loading extension XVideo-MotionCompensation
[    21.882] (II) Loading extension X-Resource
[    21.882] (II) LoadModule: "dbe"
[    21.882] (II) Loading /usr/lib/xorg/modules/extensions/libdbe.so
[    21.882] (II) Module dbe: vendor="X.Org Foundation"
[    21.882] 	compiled for 1.11.3, module version = 1.0.0
[    21.882] 	Module class: X.Org Server Extension
[    21.882] 	ABI class: X.Org Server Extension, version 6.0
[    21.882] (II) Loading extension DOUBLE-BUFFER
[    21.882] (II) LoadModule: "glx"
[    21.882] (II) Loading /usr/lib/xorg/modules/extensions/libglx.so
[    21.882] (II) Module glx: vendor="X.Org Foundation"
[    21.882] 	compiled for 1.11.3, module version = 1.0.0
[    21.882] 	ABI class: X.Org Server Extension, version 6.0
[    21.882] (==) AIGLX enabled
[    21.882] (II) Loading extension GLX
[    21.882] (II) LoadModule: "record"
[    21.882] (II) Loading /usr/lib/xorg/modules/extensions/librecord.so
[    21.882] (II) Module record: vendor="X.Org Foundation"
[    21.882] 	compiled for 1.11.3, module version = 1.13.0
[    21.882] 	Module class: X.Org Server Extension
[    21.882] 	ABI class: X.Org Server Extension, version 6.0
[    21.882] (II) Loading extension RECORD
[    21.882] (II) LoadModule: "dri"
[    21.882] (II) Loading /usr/lib/xorg/modules/extensions/libdri.so
[    21.882] (II) Module dri: vendor="X.Org Foundation"
[    21.882] 	compiled for 1.11.3, module version = 1.0.0
[    21.882] 	ABI class: X.Org Server Extension, version 6.0
[    21.882] (II) Loading extension XFree86-DRI
[    21.882] (II) LoadModule: "dri2"
[    21.883] (II) Loading /usr/lib/xorg/modules/extensions/libdri2.so
[    21.883] (II) Module dri2: vendor="X.Org Foundation"
[    21.883] 	compiled for 1.11.3, module version = 1.2.0
[    21.883] 	ABI class: X.Org Server Extension, version 6.0
[    21.883] (II) Loading extension DRI2
[    21.883] (==) Matched intel as autoconfigured driver 0
[    21.883] (==) Matched vesa as autoconfigured driver 1
[    21.883] (==) Matched fbdev as autoconfigured driver 2
[    21.883] (==) Assigned the driver to the xf86ConfigLayout
[    21.883] (II) LoadModule: "intel"
[    21.883] (II) Loading /usr/lib/xorg/modules/drivers/intel_drv.so
[    21.883] (II) Module intel: vendor="X.Org Foundation"
[    21.883] 	compiled for 1.11.3, module version = 2.17.0
[    21.883] 	Module class: X.Org Video Driver
[    21.883] 	ABI class: X.Org Video Driver, version 11.0
[    21.883] (II) LoadModule: "vesa"
[    21.883] (II) Loading /usr/lib/xorg/modules/drivers/vesa_drv.so
[    21.883] (II) Module vesa: vendor="X.Org Foundation"
[    21.883] 	compiled for 1.11.3, module version = 2.3.0
[    21.883] 	Module class: X.Org Video Driver
[    21.883] 	ABI class: X.Org Video Driver, version 11.0
[    21.883] (II) LoadModule: "fbdev"
[    21.883] (II) Loading /usr/lib/xorg/modules/drivers/fbdev_drv.so
[    21.883] (II) Module fbdev: vendor="X.Org Foundation"
[    21.883] 	compiled for 1.11.3, module version = 0.4.2
[    21.883] 	ABI class: X.Org Video Driver, version 11.0
[    21.883] (II) intel: Driver for Intel Integrated Graphics Chipsets: i810,
	i810-dc100, i810e, i815, i830M, 845G, 854, 852GM/855GM, 865G, 915G,
	E7221 (i915), 915GM, 945G, 945GM, 945GME, Pineview GM, Pineview G,
	965G, G35, 965Q, 946GZ, 965GM, 965GME/GLE, G33, Q35, Q33, GM45,
	4 Series, G45/G43, Q45/Q43, G41, B43, B43, Clarkdale, Arrandale,
	Sandybridge Desktop (GT1), Sandybridge Desktop (GT2),
	Sandybridge Desktop (GT2+), Sandybridge Mobile (GT1),
	Sandybridge Mobile (GT2), Sandybridge Mobile (GT2+),
	Sandybridge Server, Ivybridge Mobile (GT1), Ivybridge Mobile (GT2),
	Ivybridge Desktop (GT1), Ivybridge Desktop (GT2), Ivybridge Server,
	Ivybridge Server (GT2)
[    21.883] (II) VESA: driver for VESA chipsets: vesa
[    21.883] (II) FBDEV: driver for framebuffer: fbdev
[    21.883] (++) using VT number 7

[    21.885] (II) Loading /usr/lib/xorg/modules/drivers/intel_drv.so
[    21.885] (WW) Falling back to old probe method for vesa
[    21.885] (WW) Falling back to old probe method for fbdev
[    21.885] (II) Loading sub module "fbdevhw"
[    21.885] (II) LoadModule: "fbdevhw"
[    21.885] (II) Loading /usr/lib/xorg/modules/libfbdevhw.so
[    21.885] (II) Module fbdevhw: vendor="X.Org Foundation"
[    21.885] 	compiled for 1.11.3, module version = 0.0.2
[    21.885] 	ABI class: X.Org Video Driver, version 11.0
[    21.885] drmOpenDevice: node name is /dev/dri/card0
[    21.885] drmOpenDevice: open result is 9, (OK)
[    21.885] drmOpenByBusid: Searching for BusID pci:0000:00:02.0
[    21.885] drmOpenDevice: node name is /dev/dri/card0
[    21.885] drmOpenDevice: open result is 9, (OK)
[    21.885] drmOpenByBusid: drmOpenMinor returns 9
[    21.885] drmOpenByBusid: drmGetBusid reports pci:0000:00:02.0
[    21.885] (II) intel(0): Creating default Display subsection in Screen section
	"Default Screen Section" for depth/fbbpp 24/32
[    21.885] (==) intel(0): Depth 24, (--) framebuffer bpp 32
[    21.885] (==) intel(0): RGB weight 888
[    21.885] (==) intel(0): Default visual is TrueColor
[    21.885] (II) intel(0): Integrated Graphics Chipset: Intel(R) Sandybridge Mobile (GT2+)
[    21.885] (--) intel(0): Chipset: "Sandybridge Mobile (GT2+)"
[    21.885] (**) intel(0): Relaxed fencing enabled
[    21.885] (**) intel(0): Wait on SwapBuffers? enabled
[    21.885] (**) intel(0): Triple buffering? enabled
[    21.885] (**) intel(0): Framebuffer tiled
[    21.885] (**) intel(0): Pixmaps tiled
[    21.885] (**) intel(0): 3D buffers tiled
[    21.885] (**) intel(0): SwapBuffers wait enabled
[    21.885] (==) intel(0): video overlay key set to 0x101fe
[    21.885] (II) intel(0): Output LVDS1 has no monitor section
[    21.885] (II) intel(0): found backlight control interface /sys/class/backlight/acpi_video0
[    21.885] (II) intel(0): Output VGA1 has no monitor section
[    21.890] (II) intel(0): Output HDMI1 has no monitor section
[    21.936] (II) intel(0): Output DP1 has no monitor section
[    21.936] (II) intel(0): EDID for output LVDS1
[    21.936] (II) intel(0): Manufacturer: AUO  Model: 106c  Serial#: 0
[    21.936] (II) intel(0): Year: 2010  Week: 0
[    21.936] (II) intel(0): EDID Version: 1.4
[    21.936] (II) intel(0): Digital Display Input
[    21.936] (II) intel(0): 6 bits per channel
[    21.936] (II) intel(0): Digital interface is undefined
[    21.936] (II) intel(0): Max Image Size [cm]: horiz.: 28  vert.: 16
[    21.936] (II) intel(0): Gamma: 2.20
[    21.936] (II) intel(0): No DPMS capabilities specified
[    21.936] (II) intel(0): Supported color encodings: RGB 4:4:4 
[    21.936] (II) intel(0): First detailed timing is preferred mode
[    21.936] (II) intel(0): Preferred mode is native pixel format and refresh rate
[    21.936] (II) intel(0): redX: 0.570 redY: 0.334   greenX: 0.328 greenY: 0.570
[    21.936] (II) intel(0): blueX: 0.159 blueY: 0.146   whiteX: 0.313 whiteY: 0.329
[    21.936] (II) intel(0): Manufacturer's mask: 0
[    21.936] (II) intel(0): Supported detailed timing:
[    21.936] (II) intel(0): clock: 69.3 MHz   Image Size:  277 x 156 mm
[    21.936] (II) intel(0): h_active: 1366  h_sync: 1414  h_sync_end 1446 h_blank_end 1454 h_border: 0
[    21.936] (II) intel(0): v_active: 768  v_sync: 771  v_sync_end 777 v_blanking: 793 v_border: 0
[    21.936] (II) intel(0): Unknown vendor-specific block f
[    21.936] (II) intel(0):  AUO
[    21.936] (II) intel(0):  B125XW01 V0
[    21.936] (II) intel(0): EDID (in hex):
[    21.936] (II) intel(0): 	00ffffffffffff0006af6c1000000000
[    21.936] (II) intel(0): 	00140104901c10780220e59255549228
[    21.936] (II) intel(0): 	25505400000001010101010101010101
[    21.936] (II) intel(0): 	010101010101121b5658500019303020
[    21.936] (II) intel(0): 	3600159c100000180000000f00000000
[    21.936] (II) intel(0): 	00000000000000000020000000fe0041
[    21.936] (II) intel(0): 	554f0a202020202020202020000000fe
[    21.936] (II) intel(0): 	004231323558573031205630200a00ec
[    21.936] (II) intel(0): EDID vendor "AUO", prod id 4204
[    21.936] (II) intel(0): Printing DDC gathered Modelines:
[    21.936] (II) intel(0): Modeline "1366x768"x0.0   69.30  1366 1414 1446 1454  768 771 777 793 -hsync -vsync (47.7 kHz)
[    21.936] (II) intel(0): Not using default mode "320x240" (doublescan mode not supported)
[    21.936] (II) intel(0): Not using default mode "400x300" (doublescan mode not supported)
[    21.936] (II) intel(0): Not using default mode "400x300" (doublescan mode not supported)
[    21.936] (II) intel(0): Not using default mode "512x384" (doublescan mode not supported)
[    21.936] (II) intel(0): Not using default mode "640x480" (doublescan mode not supported)
[    21.936] (II) intel(0): Not using default mode "640x512" (doublescan mode not supported)
[    21.936] (II) intel(0): Not using default mode "800x600" (doublescan mode not supported)
[    21.936] (II) intel(0): Not using default mode "896x672" (doublescan mode not supported)
[    21.936] (II) intel(0): Not using default mode "928x696" (doublescan mode not supported)
[    21.936] (II) intel(0): Not using default mode "960x720" (doublescan mode not supported)
[    21.936] (II) intel(0): Not using default mode "576x432" (doublescan mode not supported)
[    21.936] (II) intel(0): Not using default mode "680x384" (doublescan mode not supported)
[    21.936] (II) intel(0): Not using default mode "680x384" (doublescan mode not supported)
[    21.936] (II) intel(0): Not using default mode "700x525" (doublescan mode not supported)
[    21.936] (II) intel(0): Not using default mode "720x450" (doublescan mode not supported)
[    21.936] (II) intel(0): Not using default mode "800x512" (doublescan mode not supported)
[    21.936] (II) intel(0): Not using default mode "840x525" (doublescan mode not supported)
[    21.936] (II) intel(0): Not using default mode "840x525" (doublescan mode not supported)
[    21.936] (II) intel(0): Not using default mode "960x540" (doublescan mode not supported)
[    21.936] (II) intel(0): Not using default mode "960x600" (doublescan mode not supported)
[    21.936] (II) intel(0): Not using default mode "1024x768" (doublescan mode not supported)
[    21.936] (II) intel(0): Printing probed modes for output LVDS1
[    21.936] (II) intel(0): Modeline "1366x768"x60.1   69.30  1366 1414 1446 1454  768 771 777 793 -hsync -vsync (47.7 kHz)
[    21.936] (II) intel(0): Modeline "1360x768"x59.8   84.75  1360 1432 1568 1776  768 771 781 798 -hsync +vsync (47.7 kHz)
[    21.936] (II) intel(0): Modeline "1360x768"x60.0   72.00  1360 1408 1440 1520  768 771 781 790 +hsync -vsync (47.4 kHz)
[    21.936] (II) intel(0): Modeline "1024x768"x60.0   65.00  1024 1048 1184 1344  768 771 777 806 -hsync -vsync (48.4 kHz)
[    21.936] (II) intel(0): Modeline "800x600"x60.3   40.00  800 840 968 1056  600 601 605 628 +hsync +vsync (37.9 kHz)
[    21.936] (II) intel(0): Modeline "800x600"x56.2   36.00  800 824 896 1024  600 601 603 625 +hsync +vsync (35.2 kHz)
[    21.936] (II) intel(0): Modeline "640x480"x59.9   25.18  640 656 752 800  480 490 492 525 -hsync -vsync (31.5 kHz)
[    21.936] (II) intel(0): EDID for output VGA1
[    21.941] (II) intel(0): EDID for output HDMI1
[    21.988] (II) intel(0): EDID for output DP1
[    21.988] (II) intel(0): Output LVDS1 connected
[    21.988] (II) intel(0): Output VGA1 disconnected
[    21.988] (II) intel(0): Output HDMI1 disconnected
[    21.988] (II) intel(0): Output DP1 disconnected
[    21.988] (II) intel(0): Using exact sizes for initial modes
[    21.988] (II) intel(0): Output LVDS1 using initial mode 1366x768
[    21.988] (II) intel(0): Using default gamma of (1.0, 1.0, 1.0) unless otherwise stated.
[    21.988] (II) intel(0): Kernel page flipping support detected, enabling
[    21.988] (**) intel(0): Display dimensions: (280, 160) mm
[    21.988] (**) intel(0): DPI set to (123, 121)
[    21.988] (II) Loading sub module "fb"
[    21.988] (II) LoadModule: "fb"
[    21.988] (II) Loading /usr/lib/xorg/modules/libfb.so
[    21.988] (II) Module fb: vendor="X.Org Foundation"
[    21.988] 	compiled for 1.11.3, module version = 1.0.0
[    21.988] 	ABI class: X.Org ANSI C Emulation, version 0.4
[    21.988] (II) Loading sub module "dri2"
[    21.988] (II) LoadModule: "dri2"
[    21.988] (II) Loading /usr/lib/xorg/modules/extensions/libdri2.so
[    21.988] (II) Module dri2: vendor="X.Org Foundation"
[    21.988] 	compiled for 1.11.3, module version = 1.2.0
[    21.988] 	ABI class: X.Org Server Extension, version 6.0
[    21.988] (II) UnloadModule: "vesa"
[    21.988] (II) Unloading vesa
[    21.988] (II) UnloadModule: "fbdev"
[    21.988] (II) Unloading fbdev
[    21.988] (II) UnloadModule: "fbdevhw"
[    21.988] (II) Unloading fbdevhw
[    21.988] (==) Depth 24 pixmap format is 32 bpp
[    21.988] (II) intel(0): [DRI2] Setup complete
[    21.988] (II) intel(0): [DRI2]   DRI driver: i965
[    21.988] (II) intel(0): Allocated new frame buffer 1408x768 stride 5632, tiled
[    21.989] (II) UXA(0): Driver registered support for the following operations:
[    21.989] (II)         solid
[    21.989] (II)         copy
[    21.989] (II)         composite (RENDER acceleration)
[    21.989] (II)         put_image
[    21.989] (II)         get_image
[    21.989] (==) intel(0): Backing store disabled
[    21.989] (==) intel(0): Silken mouse enabled
[    21.989] (II) intel(0): Initializing HW Cursor
[    22.048] (II) intel(0): RandR 1.2 enabled, ignore the following RandR disabled message.
[    22.050] (==) intel(0): DPMS enabled
[    22.050] (==) intel(0): Intel XvMC decoder enabled
[    22.050] (II) intel(0): Set up textured video
[    22.050] (II) intel(0): [XvMC] xvmc_vld driver initialized.
[    22.050] (II) intel(0): direct rendering: DRI2 Enabled
[    22.050] (==) intel(0): hotplug detection: "enabled"
[    22.050] (--) RandR disabled
[    22.050] (II) Initializing built-in extension Generic Event Extension
[    22.050] (II) Initializing built-in extension SHAPE
[    22.050] (II) Initializing built-in extension MIT-SHM
[    22.050] (II) Initializing built-in extension XInputExtension
[    22.050] (II) Initializing built-in extension XTEST
[    22.050] (II) Initializing built-in extension BIG-REQUESTS
[    22.050] (II) Initializing built-in extension SYNC
[    22.050] (II) Initializing built-in extension XKEYBOARD
[    22.050] (II) Initializing built-in extension XC-MISC
[    22.050] (II) Initializing built-in extension SECURITY
[    22.050] (II) Initializing built-in extension XINERAMA
[    22.050] (II) Initializing built-in extension XFIXES
[    22.050] (II) Initializing built-in extension RENDER
[    22.050] (II) Initializing built-in extension RANDR
[    22.050] (II) Initializing built-in extension COMPOSITE
[    22.050] (II) Initializing built-in extension DAMAGE
[    22.057] (II) AIGLX: enabled GLX_MESA_copy_sub_buffer
[    22.057] (II) AIGLX: enabled GLX_INTEL_swap_event
[    22.057] (II) AIGLX: enabled GLX_SGI_swap_control and GLX_MESA_swap_control
[    22.057] (II) AIGLX: GLX_EXT_texture_from_pixmap backed by buffer objects
[    22.057] (II) AIGLX: Loaded and initialized i965
[    22.057] (II) GLX: Initialized DRI2 GL provider for screen 0
[    22.057] (II) intel(0): Setting screen physical size to 361 x 203
[    22.062] (II) XKB: reuse xkmfile /var/lib/xkb/server-B20D7FC79C7F597315E3E501AEF10E0D866E8E92.xkm
[    22.064] (II) config/udev: Adding input device Power Button (/dev/input/event3)
[    22.064] (**) Power Button: Applying InputClass "evdev keyboard catchall"
[    22.064] (II) LoadModule: "evdev"
[    22.078] (II) Loading /usr/lib/xorg/modules/input/evdev_drv.so
[    22.078] (II) Module evdev: vendor="X.Org Foundation"
[    22.078] 	compiled for 1.11.3, module version = 2.7.0
[    22.078] 	Module class: X.Org XInput Driver
[    22.078] 	ABI class: X.Org XInput driver, version 16.0
[    22.078] (II) Using input driver 'evdev' for 'Power Button'
[    22.078] (II) Loading /usr/lib/xorg/modules/input/evdev_drv.so
[    22.078] (**) Power Button: always reports core events
[    22.078] (**) evdev: Power Button: Device: "/dev/input/event3"
[    22.078] (--) evdev: Power Button: Vendor 0 Product 0x1
[    22.078] (--) evdev: Power Button: Found keys
[    22.078] (II) evdev: Power Button: Configuring as keyboard
[    22.078] (**) Option "config_info" "udev:/sys/devices/LNXSYSTM:00/LNXPWRBN:00/input/input3/event3"
[    22.078] (II) XINPUT: Adding extended input device "Power Button" (type: KEYBOARD, id 6)
[    22.078] (**) Option "xkb_rules" "evdev"
[    22.078] (**) Option "xkb_model" "pc105"
[    22.078] (**) Option "xkb_layout" "us"
[    22.078] (II) config/udev: Adding input device Video Bus (/dev/input/event8)
[    22.078] (**) Video Bus: Applying InputClass "evdev keyboard catchall"
[    22.078] (II) Using input driver 'evdev' for 'Video Bus'
[    22.079] (II) Loading /usr/lib/xorg/modules/input/evdev_drv.so
[    22.079] (**) Video Bus: always reports core events
[    22.079] (**) evdev: Video Bus: Device: "/dev/input/event8"
[    22.079] (--) evdev: Video Bus: Vendor 0 Product 0x6
[    22.079] (--) evdev: Video Bus: Found keys
[    22.079] (II) evdev: Video Bus: Configuring as keyboard
[    22.079] (**) Option "config_info" "udev:/sys/devices/LNXSYSTM:00/LNXSYBUS:00/PNP0A08:00/LNXVIDEO:01/input/input8/event8"
[    22.079] (II) XINPUT: Adding extended input device "Video Bus" (type: KEYBOARD, id 7)
[    22.079] (**) Option "xkb_rules" "evdev"
[    22.079] (**) Option "xkb_model" "pc105"
[    22.079] (**) Option "xkb_layout" "us"
[    22.079] (II) config/udev: Adding input device Power Button (/dev/input/event1)
[    22.079] (**) Power Button: Applying InputClass "evdev keyboard catchall"
[    22.079] (II) Using input driver 'evdev' for 'Power Button'
[    22.079] (II) Loading /usr/lib/xorg/modules/input/evdev_drv.so
[    22.079] (**) Power Button: always reports core events
[    22.079] (**) evdev: Power Button: Device: "/dev/input/event1"
[    22.079] (--) evdev: Power Button: Vendor 0 Product 0x1
[    22.079] (--) evdev: Power Button: Found keys
[    22.079] (II) evdev: Power Button: Configuring as keyboard
[    22.079] (**) Option "config_info" "udev:/sys/devices/LNXSYSTM:00/LNXSYBUS:00/PNP0C0C:00/input/input1/event1"
[    22.079] (II) XINPUT: Adding extended input device "Power Button" (type: KEYBOARD, id 8)
[    22.079] (**) Option "xkb_rules" "evdev"
[    22.079] (**) Option "xkb_model" "pc105"
[    22.079] (**) Option "xkb_layout" "us"
[    22.079] (II) config/udev: Adding input device Lid Switch (/dev/input/event0)
[    22.079] (II) No input driver specified, ignoring this device.
[    22.079] (II) This device may have been added with another device file.
[    22.080] (II) config/udev: Adding input device Sleep Button (/dev/input/event2)
[    22.080] (**) Sleep Button: Applying InputClass "evdev keyboard catchall"
[    22.080] (II) Using input driver 'evdev' for 'Sleep Button'
[    22.080] (II) Loading /usr/lib/xorg/modules/input/evdev_drv.so
[    22.080] (**) Sleep Button: always reports core events
[    22.080] (**) evdev: Sleep Button: Device: "/dev/input/event2"
[    22.080] (--) evdev: Sleep Button: Vendor 0 Product 0x3
[    22.080] (--) evdev: Sleep Button: Found keys
[    22.080] (II) evdev: Sleep Button: Configuring as keyboard
[    22.080] (**) Option "config_info" "udev:/sys/devices/LNXSYSTM:00/LNXSYBUS:00/PNP0C0E:00/input/input2/event2"
[    22.080] (II) XINPUT: Adding extended input device "Sleep Button" (type: KEYBOARD, id 9)
[    22.080] (**) Option "xkb_rules" "evdev"
[    22.080] (**) Option "xkb_model" "pc105"
[    22.080] (**) Option "xkb_layout" "us"
[    22.080] (II) config/udev: Adding input device Logitech USB Optical Mouse (/dev/input/event5)
[    22.080] (**) Logitech USB Optical Mouse: Applying InputClass "evdev pointer catchall"
[    22.080] (II) Using input driver 'evdev' for 'Logitech USB Optical Mouse'
[    22.080] (II) Loading /usr/lib/xorg/modules/input/evdev_drv.so
[    22.080] (**) Logitech USB Optical Mouse: always reports core events
[    22.080] (**) evdev: Logitech USB Optical Mouse: Device: "/dev/input/event5"
[    22.080] (--) evdev: Logitech USB Optical Mouse: Vendor 0x46d Product 0xc077
[    22.080] (--) evdev: Logitech USB Optical Mouse: Found 12 mouse buttons
[    22.080] (--) evdev: Logitech USB Optical Mouse: Found scroll wheel(s)
[    22.080] (--) evdev: Logitech USB Optical Mouse: Found relative axes
[    22.080] (--) evdev: Logitech USB Optical Mouse: Found x and y relative axes
[    22.080] (II) evdev: Logitech USB Optical Mouse: Configuring as mouse
[    22.080] (II) evdev: Logitech USB Optical Mouse: Adding scrollwheel support
[    22.080] (**) evdev: Logitech USB Optical Mouse: YAxisMapping: buttons 4 and 5
[    22.080] (**) evdev: Logitech USB Optical Mouse: EmulateWheelButton: 4, EmulateWheelInertia: 10, EmulateWheelTimeout: 200
[    22.080] (**) Option "config_info" "udev:/sys/devices/pci0000:00/0000:00:1a.0/usb1/1-1/1-1.2/1-1.2:1.0/input/input5/event5"
[    22.080] (II) XINPUT: Adding extended input device "Logitech USB Optical Mouse" (type: MOUSE, id 10)
[    22.080] (II) evdev: Logitech USB Optical Mouse: initialized for relative axes.
[    22.080] (**) Logitech USB Optical Mouse: (accel) keeping acceleration scheme 1
[    22.080] (**) Logitech USB Optical Mouse: (accel) acceleration profile 0
[    22.080] (**) Logitech USB Optical Mouse: (accel) acceleration factor: 2.000
[    22.080] (**) Logitech USB Optical Mouse: (accel) acceleration threshold: 4
[    22.080] (II) config/udev: Adding input device Logitech USB Optical Mouse (/dev/input/mouse0)
[    22.080] (II) No input driver specified, ignoring this device.
[    22.080] (II) This device may have been added with another device file.
[    22.081] (II) config/udev: Adding input device HDA Intel PCH HDMI/DP,pcm=3 (/dev/input/event10)
[    22.081] (II) No input driver specified, ignoring this device.
[    22.081] (II) This device may have been added with another device file.
[    22.081] (II) config/udev: Adding input device HDA Intel PCH Mic (/dev/input/event11)
[    22.081] (II) No input driver specified, ignoring this device.
[    22.081] (II) This device may have been added with another device file.
[    22.081] (II) config/udev: Adding input device HDA Intel PCH Headphone (/dev/input/event12)
[    22.081] (II) No input driver specified, ignoring this device.
[    22.081] (II) This device may have been added with another device file.
[    22.081] (II) config/udev: Adding input device Lenovo EasyCamera (/dev/input/event6)
[    22.081] (**) Lenovo EasyCamera: Applying InputClass "evdev keyboard catchall"
[    22.081] (II) Using input driver 'evdev' for 'Lenovo EasyCamera'
[    22.081] (II) Loading /usr/lib/xorg/modules/input/evdev_drv.so
[    22.081] (**) Lenovo EasyCamera: always reports core events
[    22.081] (**) evdev: Lenovo EasyCamera: Device: "/dev/input/event6"
[    22.081] (--) evdev: Lenovo EasyCamera: Vendor 0x5986 Product 0x364
[    22.081] (--) evdev: Lenovo EasyCamera: Found keys
[    22.081] (II) evdev: Lenovo EasyCamera: Configuring as keyboard
[    22.081] (**) Option "config_info" "udev:/sys/devices/pci0000:00/0000:00:1d.0/usb2/2-1/2-1.3/2-1.3:1.0/input/input6/event6"
[    22.081] (II) XINPUT: Adding extended input device "Lenovo EasyCamera" (type: KEYBOARD, id 11)
[    22.081] (**) Option "xkb_rules" "evdev"
[    22.081] (**) Option "xkb_model" "pc105"
[    22.081] (**) Option "xkb_layout" "us"
[    22.082] (II) config/udev: Adding input device AT Translated Set 2 keyboard (/dev/input/event4)
[    22.082] (**) AT Translated Set 2 keyboard: Applying InputClass "evdev keyboard catchall"
[    22.082] (II) Using input driver 'evdev' for 'AT Translated Set 2 keyboard'
[    22.082] (II) Loading /usr/lib/xorg/modules/input/evdev_drv.so
[    22.082] (**) AT Translated Set 2 keyboard: always reports core events
[    22.082] (**) evdev: AT Translated Set 2 keyboard: Device: "/dev/input/event4"
[    22.082] (--) evdev: AT Translated Set 2 keyboard: Vendor 0x1 Product 0x1
[    22.082] (--) evdev: AT Translated Set 2 keyboard: Found keys
[    22.082] (II) evdev: AT Translated Set 2 keyboard: Configuring as keyboard
[    22.082] (**) Option "config_info" "udev:/sys/devices/platform/i8042/serio0/input/input4/event4"
[    22.082] (II) XINPUT: Adding extended input device "AT Translated Set 2 keyboard" (type: KEYBOARD, id 12)
[    22.082] (**) Option "xkb_rules" "evdev"
[    22.082] (**) Option "xkb_model" "pc105"
[    22.082] (**) Option "xkb_layout" "us"
[    22.082] (II) config/udev: Adding input device PS/2 Generic Mouse (/dev/input/event9)
[    22.082] (**) PS/2 Generic Mouse: Applying InputClass "evdev pointer catchall"
[    22.082] (II) Using input driver 'evdev' for 'PS/2 Generic Mouse'
[    22.082] (II) Loading /usr/lib/xorg/modules/input/evdev_drv.so
[    22.082] (**) PS/2 Generic Mouse: always reports core events
[    22.082] (**) evdev: PS/2 Generic Mouse: Device: "/dev/input/event9"
[    22.082] (--) evdev: PS/2 Generic Mouse: Vendor 0x2 Product 0x1
[    22.082] (--) evdev: PS/2 Generic Mouse: Found 3 mouse buttons
[    22.082] (--) evdev: PS/2 Generic Mouse: Found relative axes
[    22.082] (--) evdev: PS/2 Generic Mouse: Found x and y relative axes
[    22.082] (II) evdev: PS/2 Generic Mouse: Configuring as mouse
[    22.082] (**) evdev: PS/2 Generic Mouse: YAxisMapping: buttons 4 and 5
[    22.082] (**) evdev: PS/2 Generic Mouse: EmulateWheelButton: 4, EmulateWheelInertia: 10, EmulateWheelTimeout: 200
[    22.082] (**) Option "config_info" "udev:/sys/devices/platform/i8042/serio4/input/input9/event9"
[    22.082] (II) XINPUT: Adding extended input device "PS/2 Generic Mouse" (type: MOUSE, id 13)
[    22.082] (II) evdev: PS/2 Generic Mouse: initialized for relative axes.
[    22.082] (**) PS/2 Generic Mouse: (accel) keeping acceleration scheme 1
[    22.082] (**) PS/2 Generic Mouse: (accel) acceleration profile 0
[    22.082] (**) PS/2 Generic Mouse: (accel) acceleration factor: 2.000
[    22.082] (**) PS/2 Generic Mouse: (accel) acceleration threshold: 4
[    22.082] (II) config/udev: Adding input device PS/2 Generic Mouse (/dev/input/mouse1)
[    22.082] (II) No input driver specified, ignoring this device.
[    22.082] (II) This device may have been added with another device file.
[    22.082] (II) config/udev: Adding input device Ideapad extra buttons (/dev/input/event7)
[    22.082] (**) Ideapad extra buttons: Applying InputClass "evdev keyboard catchall"
[    22.082] (II) Using input driver 'evdev' for 'Ideapad extra buttons'
[    22.082] (II) Loading /usr/lib/xorg/modules/input/evdev_drv.so
[    22.082] (**) Ideapad extra buttons: always reports core events
[    22.082] (**) evdev: Ideapad extra buttons: Device: "/dev/input/event7"
[    22.083] (--) evdev: Ideapad extra buttons: Vendor 0 Product 0
[    22.083] (--) evdev: Ideapad extra buttons: Found keys
[    22.083] (II) evdev: Ideapad extra buttons: Configuring as keyboard
[    22.083] (**) Option "config_info" "udev:/sys/devices/platform/ideapad/input/input7/event7"
[    22.083] (II) XINPUT: Adding extended input device "Ideapad extra buttons" (type: KEYBOARD, id 14)
[    22.083] (**) Option "xkb_rules" "evdev"
[    22.083] (**) Option "xkb_model" "pc105"
[    22.083] (**) Option "xkb_layout" "us"
[    22.927] (II) intel(0): EDID vendor "AUO", prod id 4204
[    22.927] (II) intel(0): Printing DDC gathered Modelines:
[    22.927] (II) intel(0): Modeline "1366x768"x0.0   69.30  1366 1414 1446 1454  768 771 777 793 -hsync -vsync (47.7 kHz)
[    26.277] (II) intel(0): EDID vendor "AUO", prod id 4204
[    26.278] (II) intel(0): Printing DDC gathered Modelines:
[    26.278] (II) intel(0): Modeline "1366x768"x0.0   69.30  1366 1414 1446 1454  768 771 777 793 -hsync -vsync (47.7 kHz)
[   144.994] (II) intel(0): EDID vendor "AUO", prod id 4204
[   144.994] (II) intel(0): Printing DDC gathered Modelines:
[   144.994] (II) intel(0): Modeline "1366x768"x0.0   69.30  1366 1414 1446 1454  768 771 777 793 -hsync -vsync (47.7 kHz)
[   145.298] (II) intel(0): EDID vendor "AUO", prod id 4204
[   145.298] (II) intel(0): Printing DDC gathered Modelines:
[   145.298] (II) intel(0): Modeline "1366x768"x0.0   69.30  1366 1414 1446 1454  768 771 777 793 -hsync -vsync (47.7 kHz)
[   146.151] (II) intel(0): EDID vendor "AUO", prod id 4204
[   146.151] (II) intel(0): Printing DDC gathered Modelines:
[   146.151] (II) intel(0): Modeline "1366x768"x0.0   69.30  1366 1414 1446 1454  768 771 777 793 -hsync -vsync (47.7 kHz)
[   158.467] (II) XKB: reuse xkmfile /var/lib/xkb/server-B20D7FC79C7F597315E3E501AEF10E0D866E8E92.xkm
[   170.324] (II) intel(0): EDID vendor "AUO", prod id 4204
[   171.504] (II) intel(0): Printing DDC gathered Modelines:
[   171.504] (II) intel(0): Modeline "1366x768"x0.0   69.30  1366 1414 1446 1454  768 771 777 793 -hsync -vsync (47.7 kHz)
[   176.238] (II) XKB: reuse xkmfile /var/lib/xkb/server-06D88AAF5356C6CF875D73CED515513D3FEA00ED.xkm
[   189.542] (II) XKB: reuse xkmfile /var/lib/xkb/server-B20D7FC79C7F597315E3E501AEF10E0D866E8E92.xkm
[  2932.492] (II) AIGLX: Suspending AIGLX clients for VT switch
[  2936.571] (II) Open ACPI successful (/var/run/acpid.socket)
[  2936.571] (II) AIGLX: Resuming AIGLX clients after VT switch
[  2936.628] (II) intel(0): EDID vendor "AUO", prod id 4204
[  2936.628] (II) intel(0): Printing DDC gathered Modelines:
[  2936.628] (II) intel(0): Modeline "1366x768"x0.0   69.30  1366 1414 1446 1454  768 771 777 793 -hsync -vsync (47.7 kHz)
