[  8806.853] 
X.Org X Server 1.11.3
Release Date: 2011-12-16
[  8806.853] X Protocol Version 11, Revision 0
[  8806.853] Build Operating System: Linux 2.6.42-37-generic i686 Ubuntu
[  8806.853] Current Operating System: Linux zhuqingyang-Rev-1-0 3.2.0-61-generic-pae #92-Ubuntu SMP Tue Apr 1 00:10:04 UTC 2014 i686
[  8806.853] Kernel command line: BOOT_IMAGE=/boot/vmlinuz-3.2.0-61-generic-pae root=UUID=4e672614-a8b6-4bfc-83a7-e7fb7fd10a74 ro quiet splash vt.handoff=7
[  8806.854] Build Date: 16 October 2013  04:45:22PM
[  8806.854] xorg-server 2:1.11.4-0ubuntu10.14 (For technical support please see http://www.ubuntu.com/support) 
[  8806.854] Current version of pixman: 0.30.2
[  8806.854] 	Before reporting problems, check http://wiki.x.org
	to make sure that you have the latest version.
[  8806.854] Markers: (--) probed, (**) from config file, (==) default setting,
	(++) from command line, (!!) notice, (II) informational,
	(WW) warning, (EE) error, (NI) not implemented, (??) unknown.
[  8806.854] (==) Log file: "/var/log/Xorg.1.log", Time: Sun Dec  7 19:12:46 2014
[  8806.854] (==) Using system config directory "/usr/share/X11/xorg.conf.d"
[  8806.854] (==) No Layout section.  Using the first Screen section.
[  8806.854] (==) No screen section available. Using defaults.
[  8806.854] (**) |-->Screen "Default Screen Section" (0)
[  8806.854] (**) |   |-->Monitor "<default monitor>"
[  8806.854] (==) No monitor specified for screen "Default Screen Section".
	Using a default monitor configuration.
[  8806.854] (==) Automatically adding devices
[  8806.854] (==) Automatically enabling devices
[  8806.854] (WW) The directory "/usr/share/fonts/X11/cyrillic" does not exist.
[  8806.854] 	Entry deleted from font path.
[  8806.854] (WW) The directory "/usr/share/fonts/X11/100dpi/" does not exist.
[  8806.854] 	Entry deleted from font path.
[  8806.854] (WW) The directory "/usr/share/fonts/X11/75dpi/" does not exist.
[  8806.854] 	Entry deleted from font path.
[  8806.854] (WW) The directory "/usr/share/fonts/X11/100dpi" does not exist.
[  8806.854] 	Entry deleted from font path.
[  8806.854] (WW) The directory "/usr/share/fonts/X11/75dpi" does not exist.
[  8806.854] 	Entry deleted from font path.
[  8806.854] (==) FontPath set to:
	/usr/share/fonts/X11/misc,
	/usr/share/fonts/X11/Type1,
	/var/lib/defoma/x-ttcidfont-conf.d/dirs/TrueType,
	built-ins
[  8806.854] (==) ModulePath set to "/usr/lib/i386-linux-gnu/xorg/extra-modules,/usr/lib/xorg/extra-modules,/usr/lib/xorg/modules"
[  8806.854] (II) The server relies on udev to provide the list of input devices.
	If no devices become available, reconfigure udev or disable AutoAddDevices.
[  8806.854] (II) Loader magic: 0xb77965a0
[  8806.854] (II) Module ABI versions:
[  8806.854] 	X.Org ANSI C Emulation: 0.4
[  8806.854] 	X.Org Video Driver: 11.0
[  8806.854] 	X.Org XInput driver : 16.0
[  8806.854] 	X.Org Server Extension : 6.0
[  8806.855] (--) PCI:*(0:0:2:0) 8086:0126:17aa:3975 rev 9, Mem @ 0xf4000000/4194304, 0xe0000000/268435456, I/O @ 0x00001800/64
[  8806.855] (II) Open ACPI successful (/var/run/acpid.socket)
[  8806.855] (II) LoadModule: "extmod"
[  8806.855] (II) Loading /usr/lib/xorg/modules/extensions/libextmod.so
[  8806.855] (II) Module extmod: vendor="X.Org Foundation"
[  8806.855] 	compiled for 1.11.3, module version = 1.0.0
[  8806.855] 	Module class: X.Org Server Extension
[  8806.855] 	ABI class: X.Org Server Extension, version 6.0
[  8806.855] (II) Loading extension MIT-SCREEN-SAVER
[  8806.855] (II) Loading extension XFree86-VidModeExtension
[  8806.855] (II) Loading extension XFree86-DGA
[  8806.855] (II) Loading extension DPMS
[  8806.855] (II) Loading extension XVideo
[  8806.855] (II) Loading extension XVideo-MotionCompensation
[  8806.855] (II) Loading extension X-Resource
[  8806.855] (II) LoadModule: "dbe"
[  8806.855] (II) Loading /usr/lib/xorg/modules/extensions/libdbe.so
[  8806.855] (II) Module dbe: vendor="X.Org Foundation"
[  8806.855] 	compiled for 1.11.3, module version = 1.0.0
[  8806.856] 	Module class: X.Org Server Extension
[  8806.856] 	ABI class: X.Org Server Extension, version 6.0
[  8806.856] (II) Loading extension DOUBLE-BUFFER
[  8806.856] (II) LoadModule: "glx"
[  8806.856] (II) Loading /usr/lib/xorg/modules/extensions/libglx.so
[  8806.856] (II) Module glx: vendor="X.Org Foundation"
[  8806.856] 	compiled for 1.11.3, module version = 1.0.0
[  8806.856] 	ABI class: X.Org Server Extension, version 6.0
[  8806.856] (==) AIGLX enabled
[  8806.856] (II) Loading extension GLX
[  8806.856] (II) LoadModule: "record"
[  8806.857] (II) Loading /usr/lib/xorg/modules/extensions/librecord.so
[  8806.857] (II) Module record: vendor="X.Org Foundation"
[  8806.857] 	compiled for 1.11.3, module version = 1.13.0
[  8806.857] 	Module class: X.Org Server Extension
[  8806.857] 	ABI class: X.Org Server Extension, version 6.0
[  8806.857] (II) Loading extension RECORD
[  8806.857] (II) LoadModule: "dri"
[  8806.858] (II) Loading /usr/lib/xorg/modules/extensions/libdri.so
[  8806.858] (II) Module dri: vendor="X.Org Foundation"
[  8806.858] 	compiled for 1.11.3, module version = 1.0.0
[  8806.858] 	ABI class: X.Org Server Extension, version 6.0
[  8806.858] (II) Loading extension XFree86-DRI
[  8806.858] (II) LoadModule: "dri2"
[  8806.858] (II) Loading /usr/lib/xorg/modules/extensions/libdri2.so
[  8806.858] (II) Module dri2: vendor="X.Org Foundation"
[  8806.858] 	compiled for 1.11.3, module version = 1.2.0
[  8806.858] 	ABI class: X.Org Server Extension, version 6.0
[  8806.858] (II) Loading extension DRI2
[  8806.858] (==) Matched intel as autoconfigured driver 0
[  8806.858] (==) Matched vesa as autoconfigured driver 1
[  8806.858] (==) Matched fbdev as autoconfigured driver 2
[  8806.858] (==) Assigned the driver to the xf86ConfigLayout
[  8806.858] (II) LoadModule: "intel"
[  8806.858] (II) Loading /usr/lib/xorg/modules/drivers/intel_drv.so
[  8806.858] (II) Module intel: vendor="X.Org Foundation"
[  8806.858] 	compiled for 1.11.3, module version = 2.17.0
[  8806.858] 	Module class: X.Org Video Driver
[  8806.858] 	ABI class: X.Org Video Driver, version 11.0
[  8806.858] (II) LoadModule: "vesa"
[  8806.859] (II) Loading /usr/lib/xorg/modules/drivers/vesa_drv.so
[  8806.859] (II) Module vesa: vendor="X.Org Foundation"
[  8806.859] 	compiled for 1.11.3, module version = 2.3.0
[  8806.859] 	Module class: X.Org Video Driver
[  8806.859] 	ABI class: X.Org Video Driver, version 11.0
[  8806.859] (II) LoadModule: "fbdev"
[  8806.859] (II) Loading /usr/lib/xorg/modules/drivers/fbdev_drv.so
[  8806.859] (II) Module fbdev: vendor="X.Org Foundation"
[  8806.859] 	compiled for 1.11.3, module version = 0.4.2
[  8806.859] 	ABI class: X.Org Video Driver, version 11.0
[  8806.859] (II) intel: Driver for Intel Integrated Graphics Chipsets: i810,
	i810-dc100, i810e, i815, i830M, 845G, 854, 852GM/855GM, 865G, 915G,
	E7221 (i915), 915GM, 945G, 945GM, 945GME, Pineview GM, Pineview G,
	965G, G35, 965Q, 946GZ, 965GM, 965GME/GLE, G33, Q35, Q33, GM45,
	4 Series, G45/G43, Q45/Q43, G41, B43, B43, Clarkdale, Arrandale,
	Sandybridge Desktop (GT1), Sandybridge Desktop (GT2),
	Sandybridge Desktop (GT2+), Sandybridge Mobile (GT1),
	Sandybridge Mobile (GT2), Sandybridge Mobile (GT2+),
	Sandybridge Server, Ivybridge Mobile (GT1), Ivybridge Mobile (GT2),
	Ivybridge Desktop (GT1), Ivybridge Desktop (GT2), Ivybridge Server,
	Ivybridge Server (GT2)
[  8806.859] (II) VESA: driver for VESA chipsets: vesa
[  8806.859] (II) FBDEV: driver for framebuffer: fbdev
[  8806.859] (++) using VT number 8

[  8807.165] (II) Loading /usr/lib/xorg/modules/drivers/intel_drv.so
[  8807.165] (WW) Falling back to old probe method for vesa
[  8807.165] (WW) Falling back to old probe method for fbdev
[  8807.165] (II) Loading sub module "fbdevhw"
[  8807.165] (II) LoadModule: "fbdevhw"
[  8807.165] (II) Loading /usr/lib/xorg/modules/libfbdevhw.so
[  8807.165] (II) Module fbdevhw: vendor="X.Org Foundation"
[  8807.165] 	compiled for 1.11.3, module version = 0.0.2
[  8807.165] 	ABI class: X.Org Video Driver, version 11.0
[  8807.165] drmOpenDevice: node name is /dev/dri/card0
[  8807.165] drmOpenDevice: open result is 9, (OK)
[  8807.168] drmOpenByBusid: Searching for BusID pci:0000:00:02.0
[  8807.168] drmOpenDevice: node name is /dev/dri/card0
[  8807.168] drmOpenDevice: open result is 9, (OK)
[  8807.168] drmOpenByBusid: drmOpenMinor returns 9
[  8807.168] drmOpenByBusid: drmGetBusid reports pci:0000:00:02.0
[  8807.168] (II) intel(0): Creating default Display subsection in Screen section
	"Default Screen Section" for depth/fbbpp 24/32
[  8807.168] (==) intel(0): Depth 24, (--) framebuffer bpp 32
[  8807.168] (==) intel(0): RGB weight 888
[  8807.168] (==) intel(0): Default visual is TrueColor
[  8807.168] (II) intel(0): Integrated Graphics Chipset: Intel(R) Sandybridge Mobile (GT2+)
[  8807.169] (--) intel(0): Chipset: "Sandybridge Mobile (GT2+)"
[  8807.169] (**) intel(0): Relaxed fencing enabled
[  8807.169] (**) intel(0): Wait on SwapBuffers? enabled
[  8807.169] (**) intel(0): Triple buffering? enabled
[  8807.169] (**) intel(0): Framebuffer tiled
[  8807.169] (**) intel(0): Pixmaps tiled
[  8807.169] (**) intel(0): 3D buffers tiled
[  8807.169] (**) intel(0): SwapBuffers wait enabled
[  8807.169] (==) intel(0): video overlay key set to 0x101fe
[  8807.169] (II) intel(0): Output LVDS1 has no monitor section
[  8807.170] (II) intel(0): found backlight control interface /sys/class/backlight/acpi_video0
[  8807.170] (II) intel(0): Output VGA1 has no monitor section
[  8807.175] (II) intel(0): Output HDMI1 has no monitor section
[  8807.220] (II) intel(0): Output DP1 has no monitor section
[  8807.220] (II) intel(0): EDID for output LVDS1
[  8807.220] (II) intel(0): Manufacturer: AUO  Model: 106c  Serial#: 0
[  8807.220] (II) intel(0): Year: 2010  Week: 0
[  8807.220] (II) intel(0): EDID Version: 1.4
[  8807.220] (II) intel(0): Digital Display Input
[  8807.220] (II) intel(0): 6 bits per channel
[  8807.220] (II) intel(0): Digital interface is undefined
[  8807.220] (II) intel(0): Max Image Size [cm]: horiz.: 28  vert.: 16
[  8807.220] (II) intel(0): Gamma: 2.20
[  8807.220] (II) intel(0): No DPMS capabilities specified
[  8807.220] (II) intel(0): Supported color encodings: RGB 4:4:4 
[  8807.220] (II) intel(0): First detailed timing is preferred mode
[  8807.220] (II) intel(0): Preferred mode is native pixel format and refresh rate
[  8807.220] (II) intel(0): redX: 0.570 redY: 0.334   greenX: 0.328 greenY: 0.570
[  8807.220] (II) intel(0): blueX: 0.159 blueY: 0.146   whiteX: 0.313 whiteY: 0.329
[  8807.220] (II) intel(0): Manufacturer's mask: 0
[  8807.220] (II) intel(0): Supported detailed timing:
[  8807.220] (II) intel(0): clock: 69.3 MHz   Image Size:  277 x 156 mm
[  8807.220] (II) intel(0): h_active: 1366  h_sync: 1414  h_sync_end 1446 h_blank_end 1454 h_border: 0
[  8807.220] (II) intel(0): v_active: 768  v_sync: 771  v_sync_end 777 v_blanking: 793 v_border: 0
[  8807.220] (II) intel(0): Unknown vendor-specific block f
[  8807.220] (II) intel(0):  AUO
[  8807.220] (II) intel(0):  B125XW01 V0
[  8807.220] (II) intel(0): EDID (in hex):
[  8807.220] (II) intel(0): 	00ffffffffffff0006af6c1000000000
[  8807.220] (II) intel(0): 	00140104901c10780220e59255549228
[  8807.220] (II) intel(0): 	25505400000001010101010101010101
[  8807.220] (II) intel(0): 	010101010101121b5658500019303020
[  8807.220] (II) intel(0): 	3600159c100000180000000f00000000
[  8807.220] (II) intel(0): 	00000000000000000020000000fe0041
[  8807.220] (II) intel(0): 	554f0a202020202020202020000000fe
[  8807.220] (II) intel(0): 	004231323558573031205630200a00ec
[  8807.220] (II) intel(0): EDID vendor "AUO", prod id 4204
[  8807.220] (II) intel(0): Printing DDC gathered Modelines:
[  8807.220] (II) intel(0): Modeline "1366x768"x0.0   69.30  1366 1414 1446 1454  768 771 777 793 -hsync -vsync (47.7 kHz)
[  8807.220] (II) intel(0): Not using default mode "320x240" (doublescan mode not supported)
[  8807.220] (II) intel(0): Not using default mode "400x300" (doublescan mode not supported)
[  8807.220] (II) intel(0): Not using default mode "400x300" (doublescan mode not supported)
[  8807.220] (II) intel(0): Not using default mode "512x384" (doublescan mode not supported)
[  8807.220] (II) intel(0): Not using default mode "640x480" (doublescan mode not supported)
[  8807.220] (II) intel(0): Not using default mode "640x512" (doublescan mode not supported)
[  8807.220] (II) intel(0): Not using default mode "800x600" (doublescan mode not supported)
[  8807.220] (II) intel(0): Not using default mode "896x672" (doublescan mode not supported)
[  8807.220] (II) intel(0): Not using default mode "928x696" (doublescan mode not supported)
[  8807.220] (II) intel(0): Not using default mode "960x720" (doublescan mode not supported)
[  8807.220] (II) intel(0): Not using default mode "576x432" (doublescan mode not supported)
[  8807.220] (II) intel(0): Not using default mode "680x384" (doublescan mode not supported)
[  8807.220] (II) intel(0): Not using default mode "680x384" (doublescan mode not supported)
[  8807.220] (II) intel(0): Not using default mode "700x525" (doublescan mode not supported)
[  8807.220] (II) intel(0): Not using default mode "720x450" (doublescan mode not supported)
[  8807.220] (II) intel(0): Not using default mode "800x512" (doublescan mode not supported)
[  8807.220] (II) intel(0): Not using default mode "840x525" (doublescan mode not supported)
[  8807.220] (II) intel(0): Not using default mode "840x525" (doublescan mode not supported)
[  8807.220] (II) intel(0): Not using default mode "960x540" (doublescan mode not supported)
[  8807.220] (II) intel(0): Not using default mode "960x600" (doublescan mode not supported)
[  8807.220] (II) intel(0): Not using default mode "1024x768" (doublescan mode not supported)
[  8807.220] (II) intel(0): Printing probed modes for output LVDS1
[  8807.220] (II) intel(0): Modeline "1366x768"x60.1   69.30  1366 1414 1446 1454  768 771 777 793 -hsync -vsync (47.7 kHz)
[  8807.220] (II) intel(0): Modeline "1360x768"x59.8   84.75  1360 1432 1568 1776  768 771 781 798 -hsync +vsync (47.7 kHz)
[  8807.220] (II) intel(0): Modeline "1360x768"x60.0   72.00  1360 1408 1440 1520  768 771 781 790 +hsync -vsync (47.4 kHz)
[  8807.220] (II) intel(0): Modeline "1024x768"x60.0   65.00  1024 1048 1184 1344  768 771 777 806 -hsync -vsync (48.4 kHz)
[  8807.220] (II) intel(0): Modeline "800x600"x60.3   40.00  800 840 968 1056  600 601 605 628 +hsync +vsync (37.9 kHz)
[  8807.220] (II) intel(0): Modeline "800x600"x56.2   36.00  800 824 896 1024  600 601 603 625 +hsync +vsync (35.2 kHz)
[  8807.220] (II) intel(0): Modeline "640x480"x59.9   25.18  640 656 752 800  480 490 492 525 -hsync -vsync (31.5 kHz)
[  8807.220] (II) intel(0): EDID for output VGA1
[  8807.225] (II) intel(0): EDID for output HDMI1
[  8807.272] (II) intel(0): EDID for output DP1
[  8807.272] (II) intel(0): Output LVDS1 connected
[  8807.272] (II) intel(0): Output VGA1 disconnected
[  8807.272] (II) intel(0): Output HDMI1 disconnected
[  8807.272] (II) intel(0): Output DP1 disconnected
[  8807.272] (II) intel(0): Using exact sizes for initial modes
[  8807.272] (II) intel(0): Output LVDS1 using initial mode 1366x768
[  8807.272] (II) intel(0): Using default gamma of (1.0, 1.0, 1.0) unless otherwise stated.
[  8807.272] (II) intel(0): Kernel page flipping support detected, enabling
[  8807.272] (**) intel(0): Display dimensions: (280, 160) mm
[  8807.272] (**) intel(0): DPI set to (123, 121)
[  8807.272] (II) Loading sub module "fb"
[  8807.272] (II) LoadModule: "fb"
[  8807.272] (II) Loading /usr/lib/xorg/modules/libfb.so
[  8807.272] (II) Module fb: vendor="X.Org Foundation"
[  8807.272] 	compiled for 1.11.3, module version = 1.0.0
[  8807.272] 	ABI class: X.Org ANSI C Emulation, version 0.4
[  8807.272] (II) Loading sub module "dri2"
[  8807.272] (II) LoadModule: "dri2"
[  8807.273] (II) Loading /usr/lib/xorg/modules/extensions/libdri2.so
[  8807.273] (II) Module dri2: vendor="X.Org Foundation"
[  8807.273] 	compiled for 1.11.3, module version = 1.2.0
[  8807.273] 	ABI class: X.Org Server Extension, version 6.0
[  8807.273] (II) UnloadModule: "vesa"
[  8807.273] (II) Unloading vesa
[  8807.273] (II) UnloadModule: "fbdev"
[  8807.273] (II) Unloading fbdev
[  8807.273] (II) UnloadModule: "fbdevhw"
[  8807.273] (II) Unloading fbdevhw
[  8807.273] (==) Depth 24 pixmap format is 32 bpp
[  8807.273] (II) intel(0): [DRI2] Setup complete
[  8807.273] (II) intel(0): [DRI2]   DRI driver: i965
[  8807.273] (II) intel(0): Allocated new frame buffer 1408x768 stride 5632, tiled
[  8807.274] (II) UXA(0): Driver registered support for the following operations:
[  8807.274] (II)         solid
[  8807.274] (II)         copy
[  8807.274] (II)         composite (RENDER acceleration)
[  8807.274] (II)         put_image
[  8807.274] (II)         get_image
[  8807.274] (==) intel(0): Backing store disabled
[  8807.274] (==) intel(0): Silken mouse enabled
[  8807.274] (II) intel(0): Initializing HW Cursor
[  8807.336] (II) intel(0): RandR 1.2 enabled, ignore the following RandR disabled message.
[  8807.341] (==) intel(0): DPMS enabled
[  8807.341] (==) intel(0): Intel XvMC decoder enabled
[  8807.341] (II) intel(0): Set up textured video
[  8807.341] (II) intel(0): [XvMC] xvmc_vld driver initialized.
[  8807.341] (II) intel(0): direct rendering: DRI2 Enabled
[  8807.341] (==) intel(0): hotplug detection: "enabled"
[  8807.341] (--) RandR disabled
[  8807.341] (II) Initializing built-in extension Generic Event Extension
[  8807.341] (II) Initializing built-in extension SHAPE
[  8807.341] (II) Initializing built-in extension MIT-SHM
[  8807.341] (II) Initializing built-in extension XInputExtension
[  8807.341] (II) Initializing built-in extension XTEST
[  8807.342] (II) Initializing built-in extension BIG-REQUESTS
[  8807.342] (II) Initializing built-in extension SYNC
[  8807.342] (II) Initializing built-in extension XKEYBOARD
[  8807.342] (II) Initializing built-in extension XC-MISC
[  8807.342] (II) Initializing built-in extension SECURITY
[  8807.342] (II) Initializing built-in extension XINERAMA
[  8807.342] (II) Initializing built-in extension XFIXES
[  8807.342] (II) Initializing built-in extension RENDER
[  8807.342] (II) Initializing built-in extension RANDR
[  8807.342] (II) Initializing built-in extension COMPOSITE
[  8807.342] (II) Initializing built-in extension DAMAGE
[  8807.357] (II) AIGLX: enabled GLX_MESA_copy_sub_buffer
[  8807.357] (II) AIGLX: enabled GLX_INTEL_swap_event
[  8807.357] (II) AIGLX: enabled GLX_SGI_swap_control and GLX_MESA_swap_control
[  8807.357] (II) AIGLX: GLX_EXT_texture_from_pixmap backed by buffer objects
[  8807.357] (II) AIGLX: Loaded and initialized i965
[  8807.357] (II) GLX: Initialized DRI2 GL provider for screen 0
[  8807.358] (II) intel(0): Setting screen physical size to 361 x 203
[  8807.364] (II) XKB: reuse xkmfile /var/lib/xkb/server-B20D7FC79C7F597315E3E501AEF10E0D866E8E92.xkm
[  8807.366] (II) config/udev: Adding input device Power Button (/dev/input/event3)
[  8807.366] (**) Power Button: Applying InputClass "evdev keyboard catchall"
[  8807.366] (II) LoadModule: "evdev"
[  8807.366] (II) Loading /usr/lib/xorg/modules/input/evdev_drv.so
[  8807.366] (II) Module evdev: vendor="X.Org Foundation"
[  8807.366] 	compiled for 1.11.3, module version = 2.7.0
[  8807.366] 	Module class: X.Org XInput Driver
[  8807.366] 	ABI class: X.Org XInput driver, version 16.0
[  8807.366] (II) Using input driver 'evdev' for 'Power Button'
[  8807.366] (II) Loading /usr/lib/xorg/modules/input/evdev_drv.so
[  8807.366] (**) Power Button: always reports core events
[  8807.366] (**) evdev: Power Button: Device: "/dev/input/event3"
[  8807.367] (--) evdev: Power Button: Vendor 0 Product 0x1
[  8807.367] (--) evdev: Power Button: Found keys
[  8807.367] (II) evdev: Power Button: Configuring as keyboard
[  8807.367] (**) Option "config_info" "udev:/sys/devices/LNXSYSTM:00/LNXPWRBN:00/input/input3/event3"
[  8807.367] (II) XINPUT: Adding extended input device "Power Button" (type: KEYBOARD, id 6)
[  8807.367] (**) Option "xkb_rules" "evdev"
[  8807.367] (**) Option "xkb_model" "pc105"
[  8807.367] (**) Option "xkb_layout" "us"
[  8807.367] (II) config/udev: Adding input device Video Bus (/dev/input/event8)
[  8807.367] (**) Video Bus: Applying InputClass "evdev keyboard catchall"
[  8807.367] (II) Using input driver 'evdev' for 'Video Bus'
[  8807.367] (II) Loading /usr/lib/xorg/modules/input/evdev_drv.so
[  8807.367] (**) Video Bus: always reports core events
[  8807.367] (**) evdev: Video Bus: Device: "/dev/input/event8"
[  8807.367] (--) evdev: Video Bus: Vendor 0 Product 0x6
[  8807.367] (--) evdev: Video Bus: Found keys
[  8807.367] (II) evdev: Video Bus: Configuring as keyboard
[  8807.367] (**) Option "config_info" "udev:/sys/devices/LNXSYSTM:00/LNXSYBUS:00/PNP0A08:00/LNXVIDEO:01/input/input8/event8"
[  8807.367] (II) XINPUT: Adding extended input device "Video Bus" (type: KEYBOARD, id 7)
[  8807.367] (**) Option "xkb_rules" "evdev"
[  8807.367] (**) Option "xkb_model" "pc105"
[  8807.367] (**) Option "xkb_layout" "us"
[  8807.367] (II) config/udev: Adding input device Power Button (/dev/input/event1)
[  8807.367] (**) Power Button: Applying InputClass "evdev keyboard catchall"
[  8807.367] (II) Using input driver 'evdev' for 'Power Button'
[  8807.367] (II) Loading /usr/lib/xorg/modules/input/evdev_drv.so
[  8807.367] (**) Power Button: always reports core events
[  8807.367] (**) evdev: Power Button: Device: "/dev/input/event1"
[  8807.367] (--) evdev: Power Button: Vendor 0 Product 0x1
[  8807.368] (--) evdev: Power Button: Found keys
[  8807.368] (II) evdev: Power Button: Configuring as keyboard
[  8807.368] (**) Option "config_info" "udev:/sys/devices/LNXSYSTM:00/LNXSYBUS:00/PNP0C0C:00/input/input1/event1"
[  8807.368] (II) XINPUT: Adding extended input device "Power Button" (type: KEYBOARD, id 8)
[  8807.368] (**) Option "xkb_rules" "evdev"
[  8807.368] (**) Option "xkb_model" "pc105"
[  8807.368] (**) Option "xkb_layout" "us"
[  8807.368] (II) config/udev: Adding input device Lid Switch (/dev/input/event0)
[  8807.368] (II) No input driver specified, ignoring this device.
[  8807.368] (II) This device may have been added with another device file.
[  8807.368] (II) config/udev: Adding input device Sleep Button (/dev/input/event2)
[  8807.368] (**) Sleep Button: Applying InputClass "evdev keyboard catchall"
[  8807.368] (II) Using input driver 'evdev' for 'Sleep Button'
[  8807.368] (II) Loading /usr/lib/xorg/modules/input/evdev_drv.so
[  8807.368] (**) Sleep Button: always reports core events
[  8807.368] (**) evdev: Sleep Button: Device: "/dev/input/event2"
[  8807.368] (--) evdev: Sleep Button: Vendor 0 Product 0x3
[  8807.368] (--) evdev: Sleep Button: Found keys
[  8807.368] (II) evdev: Sleep Button: Configuring as keyboard
[  8807.368] (**) Option "config_info" "udev:/sys/devices/LNXSYSTM:00/LNXSYBUS:00/PNP0C0E:00/input/input2/event2"
[  8807.368] (II) XINPUT: Adding extended input device "Sleep Button" (type: KEYBOARD, id 9)
[  8807.368] (**) Option "xkb_rules" "evdev"
[  8807.368] (**) Option "xkb_model" "pc105"
[  8807.368] (**) Option "xkb_layout" "us"
[  8807.369] (II) config/udev: Adding input device Logitech USB Optical Mouse (/dev/input/event5)
[  8807.369] (**) Logitech USB Optical Mouse: Applying InputClass "evdev pointer catchall"
[  8807.369] (II) Using input driver 'evdev' for 'Logitech USB Optical Mouse'
[  8807.369] (II) Loading /usr/lib/xorg/modules/input/evdev_drv.so
[  8807.369] (**) Logitech USB Optical Mouse: always reports core events
[  8807.369] (**) evdev: Logitech USB Optical Mouse: Device: "/dev/input/event5"
[  8807.369] (--) evdev: Logitech USB Optical Mouse: Vendor 0x46d Product 0xc077
[  8807.369] (--) evdev: Logitech USB Optical Mouse: Found 12 mouse buttons
[  8807.369] (--) evdev: Logitech USB Optical Mouse: Found scroll wheel(s)
[  8807.369] (--) evdev: Logitech USB Optical Mouse: Found relative axes
[  8807.369] (--) evdev: Logitech USB Optical Mouse: Found x and y relative axes
[  8807.369] (II) evdev: Logitech USB Optical Mouse: Configuring as mouse
[  8807.369] (II) evdev: Logitech USB Optical Mouse: Adding scrollwheel support
[  8807.369] (**) evdev: Logitech USB Optical Mouse: YAxisMapping: buttons 4 and 5
[  8807.369] (**) evdev: Logitech USB Optical Mouse: EmulateWheelButton: 4, EmulateWheelInertia: 10, EmulateWheelTimeout: 200
[  8807.369] (**) Option "config_info" "udev:/sys/devices/pci0000:00/0000:00:1a.0/usb1/1-1/1-1.2/1-1.2:1.0/input/input5/event5"
[  8807.369] (II) XINPUT: Adding extended input device "Logitech USB Optical Mouse" (type: MOUSE, id 10)
[  8807.369] (II) evdev: Logitech USB Optical Mouse: initialized for relative axes.
[  8807.369] (**) Logitech USB Optical Mouse: (accel) keeping acceleration scheme 1
[  8807.369] (**) Logitech USB Optical Mouse: (accel) acceleration profile 0
[  8807.369] (**) Logitech USB Optical Mouse: (accel) acceleration factor: 2.000
[  8807.369] (**) Logitech USB Optical Mouse: (accel) acceleration threshold: 4
[  8807.369] (II) config/udev: Adding input device Logitech USB Optical Mouse (/dev/input/mouse0)
[  8807.369] (II) No input driver specified, ignoring this device.
[  8807.369] (II) This device may have been added with another device file.
[  8807.369] (II) config/udev: Adding input device HDA Intel PCH HDMI/DP,pcm=3 (/dev/input/event10)
[  8807.369] (II) No input driver specified, ignoring this device.
[  8807.369] (II) This device may have been added with another device file.
[  8807.369] (II) config/udev: Adding input device HDA Intel PCH Mic (/dev/input/event11)
[  8807.370] (II) No input driver specified, ignoring this device.
[  8807.370] (II) This device may have been added with another device file.
[  8807.370] (II) config/udev: Adding input device HDA Intel PCH Headphone (/dev/input/event12)
[  8807.370] (II) No input driver specified, ignoring this device.
[  8807.370] (II) This device may have been added with another device file.
[  8807.370] (II) config/udev: Adding input device Lenovo EasyCamera (/dev/input/event6)
[  8807.370] (**) Lenovo EasyCamera: Applying InputClass "evdev keyboard catchall"
[  8807.370] (II) Using input driver 'evdev' for 'Lenovo EasyCamera'
[  8807.370] (II) Loading /usr/lib/xorg/modules/input/evdev_drv.so
[  8807.370] (**) Lenovo EasyCamera: always reports core events
[  8807.370] (**) evdev: Lenovo EasyCamera: Device: "/dev/input/event6"
[  8807.370] (--) evdev: Lenovo EasyCamera: Vendor 0x5986 Product 0x364
[  8807.370] (--) evdev: Lenovo EasyCamera: Found keys
[  8807.370] (II) evdev: Lenovo EasyCamera: Configuring as keyboard
[  8807.370] (**) Option "config_info" "udev:/sys/devices/pci0000:00/0000:00:1d.0/usb2/2-1/2-1.3/2-1.3:1.0/input/input6/event6"
[  8807.370] (II) XINPUT: Adding extended input device "Lenovo EasyCamera" (type: KEYBOARD, id 11)
[  8807.370] (**) Option "xkb_rules" "evdev"
[  8807.370] (**) Option "xkb_model" "pc105"
[  8807.370] (**) Option "xkb_layout" "us"
[  8807.370] (II) config/udev: Adding input device AT Translated Set 2 keyboard (/dev/input/event4)
[  8807.370] (**) AT Translated Set 2 keyboard: Applying InputClass "evdev keyboard catchall"
[  8807.370] (II) Using input driver 'evdev' for 'AT Translated Set 2 keyboard'
[  8807.370] (II) Loading /usr/lib/xorg/modules/input/evdev_drv.so
[  8807.370] (**) AT Translated Set 2 keyboard: always reports core events
[  8807.370] (**) evdev: AT Translated Set 2 keyboard: Device: "/dev/input/event4"
[  8807.370] (--) evdev: AT Translated Set 2 keyboard: Vendor 0x1 Product 0x1
[  8807.370] (--) evdev: AT Translated Set 2 keyboard: Found keys
[  8807.370] (II) evdev: AT Translated Set 2 keyboard: Configuring as keyboard
[  8807.370] (**) Option "config_info" "udev:/sys/devices/platform/i8042/serio0/input/input4/event4"
[  8807.370] (II) XINPUT: Adding extended input device "AT Translated Set 2 keyboard" (type: KEYBOARD, id 12)
[  8807.370] (**) Option "xkb_rules" "evdev"
[  8807.370] (**) Option "xkb_model" "pc105"
[  8807.371] (**) Option "xkb_layout" "us"
[  8807.371] (II) config/udev: Adding input device PS/2 Generic Mouse (/dev/input/event9)
[  8807.371] (**) PS/2 Generic Mouse: Applying InputClass "evdev pointer catchall"
[  8807.371] (II) Using input driver 'evdev' for 'PS/2 Generic Mouse'
[  8807.371] (II) Loading /usr/lib/xorg/modules/input/evdev_drv.so
[  8807.371] (**) PS/2 Generic Mouse: always reports core events
[  8807.371] (**) evdev: PS/2 Generic Mouse: Device: "/dev/input/event9"
[  8807.371] (--) evdev: PS/2 Generic Mouse: Vendor 0x2 Product 0x1
[  8807.371] (--) evdev: PS/2 Generic Mouse: Found 3 mouse buttons
[  8807.371] (--) evdev: PS/2 Generic Mouse: Found relative axes
[  8807.371] (--) evdev: PS/2 Generic Mouse: Found x and y relative axes
[  8807.371] (II) evdev: PS/2 Generic Mouse: Configuring as mouse
[  8807.371] (**) evdev: PS/2 Generic Mouse: YAxisMapping: buttons 4 and 5
[  8807.371] (**) evdev: PS/2 Generic Mouse: EmulateWheelButton: 4, EmulateWheelInertia: 10, EmulateWheelTimeout: 200
[  8807.371] (**) Option "config_info" "udev:/sys/devices/platform/i8042/serio4/input/input9/event9"
[  8807.371] (II) XINPUT: Adding extended input device "PS/2 Generic Mouse" (type: MOUSE, id 13)
[  8807.371] (II) evdev: PS/2 Generic Mouse: initialized for relative axes.
[  8807.371] (**) PS/2 Generic Mouse: (accel) keeping acceleration scheme 1
[  8807.371] (**) PS/2 Generic Mouse: (accel) acceleration profile 0
[  8807.371] (**) PS/2 Generic Mouse: (accel) acceleration factor: 2.000
[  8807.371] (**) PS/2 Generic Mouse: (accel) acceleration threshold: 4
[  8807.371] (II) config/udev: Adding input device PS/2 Generic Mouse (/dev/input/mouse1)
[  8807.371] (II) No input driver specified, ignoring this device.
[  8807.371] (II) This device may have been added with another device file.
[  8807.371] (II) config/udev: Adding input device Ideapad extra buttons (/dev/input/event7)
[  8807.371] (**) Ideapad extra buttons: Applying InputClass "evdev keyboard catchall"
[  8807.371] (II) Using input driver 'evdev' for 'Ideapad extra buttons'
[  8807.371] (II) Loading /usr/lib/xorg/modules/input/evdev_drv.so
[  8807.372] (**) Ideapad extra buttons: always reports core events
[  8807.372] (**) evdev: Ideapad extra buttons: Device: "/dev/input/event7"
[  8807.372] (--) evdev: Ideapad extra buttons: Vendor 0 Product 0
[  8807.372] (--) evdev: Ideapad extra buttons: Found keys
[  8807.372] (II) evdev: Ideapad extra buttons: Configuring as keyboard
[  8807.372] (**) Option "config_info" "udev:/sys/devices/platform/ideapad/input/input7/event7"
[  8807.372] (II) XINPUT: Adding extended input device "Ideapad extra buttons" (type: KEYBOARD, id 14)
[  8807.372] (**) Option "xkb_rules" "evdev"
[  8807.372] (**) Option "xkb_model" "pc105"
[  8807.372] (**) Option "xkb_layout" "us"
[  8807.615] (II) intel(0): EDID vendor "AUO", prod id 4204
[  8807.615] (II) intel(0): Printing DDC gathered Modelines:
[  8807.615] (II) intel(0): Modeline "1366x768"x0.0   69.30  1366 1414 1446 1454  768 771 777 793 -hsync -vsync (47.7 kHz)
[  8807.726] (II) intel(0): EDID vendor "AUO", prod id 4204
[  8807.726] (II) intel(0): Printing DDC gathered Modelines:
[  8807.726] (II) intel(0): Modeline "1366x768"x0.0   69.30  1366 1414 1446 1454  768 771 777 793 -hsync -vsync (47.7 kHz)
[  8834.392] (II) AIGLX: Suspending AIGLX clients for VT switch
[  8834.502] (II) evdev: Ideapad extra buttons: Close
[  8834.502] (II) UnloadModule: "evdev"
[  8834.502] (II) Unloading evdev
[  8834.502] (II) evdev: PS/2 Generic Mouse: Close
[  8834.502] (II) UnloadModule: "evdev"
[  8834.502] (II) Unloading evdev
[  8834.502] (II) evdev: AT Translated Set 2 keyboard: Close
[  8834.502] (II) UnloadModule: "evdev"
[  8834.502] (II) Unloading evdev
[  8834.502] (II) evdev: Lenovo EasyCamera: Close
[  8834.502] (II) UnloadModule: "evdev"
[  8834.502] (II) Unloading evdev
[  8834.503] (II) evdev: Logitech USB Optical Mouse: Close
[  8834.503] (II) UnloadModule: "evdev"
[  8834.503] (II) Unloading evdev
[  8834.503] (II) evdev: Sleep Button: Close
[  8834.503] (II) UnloadModule: "evdev"
[  8834.503] (II) Unloading evdev
[  8834.503] (II) evdev: Power Button: Close
[  8834.503] (II) UnloadModule: "evdev"
[  8834.503] (II) Unloading evdev
[  8834.503] (II) evdev: Video Bus: Close
[  8834.503] (II) UnloadModule: "evdev"
[  8834.503] (II) Unloading evdev
[  8834.503] (II) evdev: Power Button: Close
[  8834.503] (II) UnloadModule: "evdev"
[  8834.503] (II) Unloading evdev
[  8834.504]  ddxSigGiveUp: Closing log
[  8834.504] Server terminated successfully (0). Closing log file.
